"../../../Engine/Plugins/Interchange/Runtime/Content/Pipelines/DefaultTexturePipeline.uasset" 0
"../../../Engine/Plugins/Interchange/Runtime/Content/Pipelines/DefaultTexturePipeline.uexp" 1
"../../../Engine/Plugins/Interchange/Runtime/Content/Pipelines/DefaultSceneLevelPipeline.uasset" 2
"../../../Engine/Plugins/Interchange/Runtime/Content/Pipelines/DefaultSceneLevelPipeline.uexp" 3
"../../../Engine/Plugins/Interchange/Runtime/Content/Pipelines/DefaultSceneAssetsPipeline.uasset" 4
"../../../Engine/Plugins/Interchange/Runtime/Content/Pipelines/DefaultSceneAssetsPipeline.uexp" 5
"../../../Engine/Plugins/Interchange/Runtime/Content/Pipelines/DefaultMaterialXPipeline.uasset" 6
"../../../Engine/Plugins/Interchange/Runtime/Content/Pipelines/DefaultMaterialXPipeline.uexp" 7
"../../../Engine/Plugins/Interchange/Runtime/Content/Pipelines/DefaultMaterialPipeline.uasset" 8
"../../../Engine/Plugins/Interchange/Runtime/Content/Pipelines/DefaultMaterialPipeline.uexp" 9
"../../../Engine/Plugins/Interchange/Runtime/Content/Pipelines/DefaultGLTFSceneAssetsPipeline.uasset" 10
"../../../Engine/Plugins/Interchange/Runtime/Content/Pipelines/DefaultGLTFSceneAssetsPipeline.uexp" 11
"../../../Engine/Plugins/Interchange/Runtime/Content/Pipelines/DefaultGLTFPipeline.uasset" 12
"../../../Engine/Plugins/Interchange/Runtime/Content/Pipelines/DefaultGLTFPipeline.uexp" 13
"../../../Engine/Plugins/Interchange/Runtime/Content/Pipelines/DefaultGLTFAssetsPipeline.uasset" 14
"../../../Engine/Plugins/Interchange/Runtime/Content/Pipelines/DefaultGLTFAssetsPipeline.uexp" 15
"../../../Engine/Plugins/Interchange/Runtime/Content/Pipelines/DefaultAssetsPipeline.uasset" 16
"../../../Engine/Plugins/Interchange/Runtime/Content/Pipelines/DefaultAssetsPipeline.uexp" 17
"../../../Engine/Plugins/Animation/ControlRig/Content/Controls/DefaultGizmoLibraryNormalized.uasset" 18
"../../../Engine/Plugins/Animation/ControlRig/Content/Controls/DefaultGizmoLibraryNormalized.uexp" 19
"../../../Engine/Plugins/Animation/ACLPlugin/Content/ACLAnimCurveCompressionSettings.uasset" 20
"../../../Engine/Plugins/Animation/ACLPlugin/Content/ACLAnimCurveCompressionSettings.uexp" 21
"../../../Engine/Plugins/Animation/ACLPlugin/Content/ACLAnimBoneCompressionSettings.uasset" 22
"../../../Engine/Plugins/Animation/ACLPlugin/Content/ACLAnimBoneCompressionSettings.uexp" 23
"../../../Engine/Plugins/2D/Paper2D/Content/PlaceholderTextures/DummySpriteTexture.ubulk" 24
"../../../Engine/Plugins/2D/Paper2D/Content/PlaceholderTextures/DummySpriteTexture.uasset" 25
"../../../Engine/Plugins/2D/Paper2D/Content/PlaceholderTextures/DummySpriteTexture.uexp" 26
"../../../Engine/Plugins/2D/Paper2D/Content/DummySprite.uasset" 27
"../../../Engine/Plugins/2D/Paper2D/Content/DummySprite.uexp" 28
"../../../Engine/Plugins/2D/Paper2D/Content/DefaultPaperTerrainMaterial.uasset" 29
"../../../Engine/Plugins/2D/Paper2D/Content/DefaultPaperTerrainMaterial.uexp" 30
"../../../Engine/Content/MobileResources/HUD/VirtualJoystick_Background.uasset" 31
"../../../Engine/Content/MobileResources/HUD/VirtualJoystick_Background.uexp" 32
"../../../Engine/Content/MobileResources/HUD/VirtualJoystick_Thumb.uasset" 33
"../../../Engine/Content/MobileResources/HUD/VirtualJoystick_Thumb.uexp" 34
"../../../Engine/Content/MobileResources/HUD/DefaultVirtualJoysticks.uasset" 35
"../../../Engine/Content/MobileResources/HUD/DefaultVirtualJoysticks.uexp" 36
"../../../Engine/Content/EngineSounds/Master.uasset" 37
"../../../Engine/Content/EngineSounds/Master.uexp" 38
"../../../Engine/Content/EngineMaterials/DefaultPhysicalMaterial.uasset" 39
"../../../Engine/Content/EngineMaterials/DefaultPhysicalMaterial.uexp" 40
"../../../Engine/Content/EngineMaterials/DefaultDestructiblePhysicalMaterial.uasset" 41
"../../../Engine/Content/EngineMaterials/DefaultDestructiblePhysicalMaterial.uexp" 42
"../../../Engine/Content/EngineFonts/Faces/RobotoLight.uexp" 43
"../../../Engine/Content/EngineFonts/Faces/RobotoLight.uasset" 44
"../../../Engine/Content/EngineFonts/Faces/RobotoLight.ufont" 45
"../../../Engine/Content/EngineFonts/Faces/RobotoBold.uexp" 46
"../../../Engine/Content/EngineFonts/Faces/RobotoBold.uasset" 47
"../../../Engine/Content/EngineFonts/Faces/RobotoBold.ufont" 48
"../../../Engine/Content/EngineFonts/Faces/RobotoRegular.uexp" 49
"../../../Engine/Content/EngineFonts/Faces/RobotoRegular.uasset" 50
"../../../Engine/Content/EngineFonts/Faces/RobotoRegular.ufont" 51
"../../../Engine/Content/EngineFonts/Faces/DroidSansFallback.uexp" 52
"../../../Engine/Content/EngineFonts/Faces/DroidSansFallback.uasset" 53
"../../../Engine/Content/EngineFonts/Faces/DroidSansFallback.ufont" 54
"../../../Engine/Content/EngineFonts/Faces/RobotoItalic.uexp" 55
"../../../Engine/Content/EngineFonts/Faces/RobotoItalic.uasset" 56
"../../../Engine/Content/EngineFonts/Faces/RobotoItalic.ufont" 57
"../../../Engine/Content/EngineFonts/Faces/RobotoBoldItalic.uexp" 58
"../../../Engine/Content/EngineFonts/Faces/RobotoBoldItalic.uasset" 59
"../../../Engine/Content/EngineFonts/Faces/RobotoBoldItalic.ufont" 60
"../../../Engine/Content/EngineFonts/Roboto.uasset" 61
"../../../Engine/Content/EngineFonts/Roboto.uexp" 62
"../../../Engine/Content/Animation/DefaultVariableFrameStrippingSettings.uasset" 63
"../../../Engine/Content/Animation/DefaultVariableFrameStrippingSettings.uexp" 64
"../../../Engine/Content/Animation/DefaultRecorderBoneCompression.uasset" 65
"../../../Engine/Content/Animation/DefaultRecorderBoneCompression.uexp" 66
"../../../Engine/Content/EditorResources/S_Actor.ubulk" 67
"../../../Engine/Content/EditorResources/S_Actor.uasset" 68
"../../../Engine/Content/EditorResources/S_Actor.uexp" 69
"../../../Engine/Plugins/Runtime/AudioWidgets/Content/Resources/ScrubHandleDown_Clamped.uasset" 70
"../../../Engine/Plugins/Runtime/AudioWidgets/Content/Resources/ScrubHandleDown_Clamped.uexp" 71
"../../../Engine/Content/EngineResources/GradientTexture0.uasset" 72
"../../../Engine/Content/EngineResources/GradientTexture0.uexp" 73
"../../../Engine/Content/EngineResources/DefaultTexture.ubulk" 74
"../../../Engine/Content/EngineResources/DefaultTexture.uasset" 75
"../../../Engine/Content/EngineResources/DefaultTexture.uexp" 76
"../../../Engine/Content/EngineResources/Black.uasset" 77
"../../../Engine/Content/EngineResources/Black.uexp" 78
"../../../Engine/Content/EngineResources/FilmGrains/Marcie_Grain_v3_128_M2_000.uasset" 79
"../../../Engine/Content/EngineResources/FilmGrains/Marcie_Grain_v3_128_M2_000.uexp" 80
"../../../Engine/Content/EngineMaterials/PreintegratedSkinBRDF.uasset" 81
"../../../Engine/Content/EngineMaterials/PreintegratedSkinBRDF.uexp" 82
"../../../Engine/Content/EngineMaterials/MiniFont.uasset" 83
"../../../Engine/Content/EngineMaterials/MiniFont.uexp" 84
"../../../Engine/Content/EngineMaterials/FastBlueNoise_vec2_128x128x64.uasset" 85
"../../../Engine/Content/EngineMaterials/FastBlueNoise_vec2_128x128x64.uexp" 86
"../../../Engine/Content/EngineMaterials/FastBlueNoise_scalar_128x128x64.uasset" 87
"../../../Engine/Content/EngineMaterials/FastBlueNoise_scalar_128x128x64.uexp" 88
"../../../Engine/Content/EngineMaterials/DefaultWhiteGrid.ubulk" 89
"../../../Engine/Content/EngineMaterials/DefaultWhiteGrid.uasset" 90
"../../../Engine/Content/EngineMaterials/DefaultWhiteGrid.uexp" 91
"../../../Engine/Content/EngineMaterials/DefaultBokeh.uasset" 92
"../../../Engine/Content/EngineMaterials/DefaultBokeh.uexp" 93
"../../../Engine/Content/EngineMaterials/DefaultBloomKernel.uasset" 94
"../../../Engine/Content/EngineMaterials/DefaultBloomKernel.uexp" 95
"../../../Engine/Content/EngineMaterials/LTC/Sheen_LTC.uasset" 96
"../../../Engine/Content/EngineMaterials/LTC/Sheen_LTC.uexp" 97
"../../../Engine/Content/EngineMaterials/LTC/GGX_LTCMat.uasset" 98
"../../../Engine/Content/EngineMaterials/LTC/GGX_LTCMat.uexp" 99
"../../../Engine/Content/EngineMaterials/LTC/GGX_LTCAmp.uasset" 100
"../../../Engine/Content/EngineMaterials/LTC/GGX_LTCAmp.uexp" 101
"../../../Engine/Content/EngineMaterials/EnergyConservation/Sheen_Energy.uasset" 102
"../../../Engine/Content/EngineMaterials/EnergyConservation/Sheen_Energy.uexp" 103
"../../../Engine/Content/EngineMaterials/EnergyConservation/SheenLegacy_Energy.uasset" 104
"../../../Engine/Content/EngineMaterials/EnergyConservation/SheenLegacy_Energy.uexp" 105
"../../../Engine/Content/EngineMaterials/EnergyConservation/GGX_TransmissionEnergyArray.uasset" 106
"../../../Engine/Content/EngineMaterials/EnergyConservation/GGX_TransmissionEnergyArray.uexp" 107
"../../../Engine/Content/EngineMaterials/EnergyConservation/GGX_ReflectionEnergy.uasset" 108
"../../../Engine/Content/EngineMaterials/EnergyConservation/GGX_ReflectionEnergy.uexp" 109
"../../../Engine/Content/EngineMaterials/EnergyConservation/Diffuse_Energy.uasset" 110
"../../../Engine/Content/EngineMaterials/EnergyConservation/Diffuse_Energy.uexp" 111
"../../../Engine/Content/EngineDamageTypes/DmgTypeBP_Environmental.uasset" 112
"../../../Engine/Content/EngineDamageTypes/DmgTypeBP_Environmental.uexp" 113
"../../../Engine/Content/EditorResources/S_TriggerSphere.uasset" 114
"../../../Engine/Content/EditorResources/S_TriggerSphere.uexp" 115
"../../../Engine/Content/EditorResources/S_TriggerCapsule.uasset" 116
"../../../Engine/Content/EditorResources/S_TriggerCapsule.uexp" 117
"../../../Engine/Content/EditorResources/S_TriggerBox.uasset" 118
"../../../Engine/Content/EditorResources/S_TriggerBox.uexp" 119
"../../../Engine/Content/EditorResources/S_Trigger.ubulk" 120
"../../../Engine/Content/EditorResources/S_Trigger.uasset" 121
"../../../Engine/Content/EditorResources/S_Trigger.uexp" 122
"../../../Engine/Content/EditorResources/S_Terrain.ubulk" 123
"../../../Engine/Content/EditorResources/S_Terrain.uasset" 124
"../../../Engine/Content/EditorResources/S_Terrain.uexp" 125
"../../../Engine/Content/EditorResources/S_Solver.ubulk" 126
"../../../Engine/Content/EditorResources/S_Solver.uasset" 127
"../../../Engine/Content/EditorResources/S_Solver.uexp" 128
"../../../Engine/Content/EditorResources/S_BoxReflectionCapture.uasset" 129
"../../../Engine/Content/EditorResources/S_BoxReflectionCapture.uexp" 130
"../../../Engine/Content/EditorResources/EmptyActor.uasset" 131
"../../../Engine/Content/EditorResources/EmptyActor.uexp" 132
"../../../Engine/Content/EditorResources/BSPVertex.uasset" 133
"../../../Engine/Content/EditorResources/BSPVertex.uexp" 134
"../../../Engine/Content/EditorResources/SequenceRecorder/RecordingIndicator.uasset" 135
"../../../Engine/Content/EditorResources/SequenceRecorder/RecordingIndicator.uexp" 136
"../../../Engine/Content/EditorResources/SequenceRecorder/Countdown.uasset" 137
"../../../Engine/Content/EditorResources/SequenceRecorder/Countdown.uexp" 138
"../../../Engine/Content/EditorMaterials/ParticleSystems/PSysThumbnail_OOD.ubulk" 139
"../../../Engine/Content/EditorMaterials/ParticleSystems/PSysThumbnail_OOD.uasset" 140
"../../../Engine/Content/EditorMaterials/ParticleSystems/PSysThumbnail_OOD.uexp" 141
"../../../Engine/Content/EditorMaterials/ParticleSystems/PSysThumbnail_NoImage.ubulk" 142
"../../../Engine/Content/EditorMaterials/ParticleSystems/PSysThumbnail_NoImage.uasset" 143
"../../../Engine/Content/EditorMaterials/ParticleSystems/PSysThumbnail_NoImage.uexp" 144
"../../../Engine/Content/EditorLandscapeResources/DefaultAlphaTexture.uasset" 145
"../../../Engine/Content/EditorLandscapeResources/DefaultAlphaTexture.uexp" 146
"../../../Engine/Content/EngineResources/DefaultTextureCube.uasset" 147
"../../../Engine/Content/EngineResources/DefaultTextureCube.uexp" 148
"../../../Engine/Content/EngineResources/DefaultVolumeTexture2D.uasset" 149
"../../../Engine/Content/EngineResources/DefaultVolumeTexture2D.uexp" 150
"../../../Engine/Content/EngineResources/DefaultVolumeTexture.uasset" 151
"../../../Engine/Content/EngineResources/DefaultVolumeTexture.uexp" 152
"../../../Engine/Content/EngineMeshes/Sphere.ubulk" 153
"../../../Engine/Content/EngineMeshes/Sphere.uasset" 154
"../../../Engine/Content/EngineMeshes/Sphere.uexp" 155
"../../../Engine/Content/VREditor/TransformGizmo/Main.uasset" 156
"../../../Engine/Content/VREditor/TransformGizmo/Main.uexp" 157
"../../../Engine/Content/VREditor/TransformGizmo/Xray.uasset" 158
"../../../Engine/Content/VREditor/TransformGizmo/Xray.uexp" 159
"../../../Engine/Content/VREditor/TransformGizmo/SM_Sequencer_Node.ubulk" 160
"../../../Engine/Content/VREditor/TransformGizmo/SM_Sequencer_Node.uasset" 161
"../../../Engine/Content/VREditor/TransformGizmo/SM_Sequencer_Node.uexp" 162
"../../../Engine/Plugins/Runtime/MeshModelingToolset/Content/Materials/M_DynamicMeshComponentVtxColor.uasset" 163
"../../../Engine/Plugins/Runtime/MeshModelingToolset/Content/Materials/M_DynamicMeshComponentVtxColor.uexp" 164
"../../../Engine/Plugins/Runtime/HairStrands/Content/Materials/HairMeshesDefaultMaterial.uasset" 165
"../../../Engine/Plugins/Runtime/HairStrands/Content/Materials/HairMeshesDefaultMaterial.uexp" 166
"../../../Engine/Plugins/Runtime/HairStrands/Content/Materials/HairDefaultMaterial.uasset" 167
"../../../Engine/Plugins/Runtime/HairStrands/Content/Materials/HairDefaultMaterial.uexp" 168
"../../../Engine/Plugins/Runtime/HairStrands/Content/Materials/HairGroupColors.uasset" 169
"../../../Engine/Plugins/Runtime/HairStrands/Content/Materials/HairGroupColors.uexp" 170
"../../../Engine/Content/Functions/Engine_MaterialFunctions02/Utility/MakeFloat2.uasset" 171
"../../../Engine/Content/Functions/Engine_MaterialFunctions02/Utility/MakeFloat2.uexp" 172
"../../../Engine/Content/Functions/Engine_MaterialFunctions02/Utility/MakeFloat3.uasset" 173
"../../../Engine/Content/Functions/Engine_MaterialFunctions02/Utility/MakeFloat3.uexp" 174
"../../../Engine/Content/EngineMaterials/HairColorMap.uasset" 175
"../../../Engine/Content/EngineMaterials/HairColorMap.uexp" 176
"../../../Engine/Content/EngineMaterials/HairDebugColor.uasset" 177
"../../../Engine/Content/EngineMaterials/HairDebugColor.uexp" 178
"../../../Engine/Plugins/Runtime/HairStrands/Content/Materials/HairDebugMaterial.uasset" 179
"../../../Engine/Plugins/Runtime/HairStrands/Content/Materials/HairDebugMaterial.uexp" 180
"../../../Engine/Plugins/Runtime/HairStrands/Content/Materials/HairCardsDefaultMaterial.uasset" 181
"../../../Engine/Plugins/Runtime/HairStrands/Content/Materials/HairCardsDefaultMaterial.uexp" 182
"../../../Engine/Content/Functions/Engine_MaterialFunctions02/Texturing/CustomRotator.uasset" 183
"../../../Engine/Content/Functions/Engine_MaterialFunctions02/Texturing/CustomRotator.uexp" 184
"../../../Engine/Content/Functions/Engine_MaterialFunctions02/Utility/BreakOutFloat2Components.uasset" 185
"../../../Engine/Content/Functions/Engine_MaterialFunctions02/Utility/BreakOutFloat2Components.uexp" 186
"../../../Engine/Content/Functions/Engine_MaterialFunctions01/Texturing/ScaleUVsByCenter.uasset" 187
"../../../Engine/Content/Functions/Engine_MaterialFunctions01/Texturing/ScaleUVsByCenter.uexp" 188
"../../../Engine/Plugins/Runtime/AudioWidgets/Content/AudioMaterialSlate/Functions/MF_SingleLine_Smooth.uasset" 189
"../../../Engine/Plugins/Runtime/AudioWidgets/Content/AudioMaterialSlate/Functions/MF_SingleLine_Smooth.uexp" 190
"../../../Engine/Plugins/Runtime/AudioWidgets/Content/AudioMaterialSlate/Functions/MF_AngleGradient.uasset" 191
"../../../Engine/Plugins/Runtime/AudioWidgets/Content/AudioMaterialSlate/Functions/MF_AngleGradient.uexp" 192
"../../../Engine/Plugins/Runtime/AudioWidgets/Content/AudioMaterialSlate/Functions/MF_SingleLine.uasset" 193
"../../../Engine/Plugins/Runtime/AudioWidgets/Content/AudioMaterialSlate/Functions/MF_SingleLine.uexp" 194
"../../../Engine/Content/Functions/Engine_MaterialFunctions01/Gradient/SphereGradient-2D.uasset" 195
"../../../Engine/Content/Functions/Engine_MaterialFunctions01/Gradient/SphereGradient-2D.uexp" 196
"../../../Engine/Plugins/Runtime/AudioWidgets/Content/AudioMaterialSlate/M_AudioMaterialToggleButton.uasset" 197
"../../../Engine/Plugins/Runtime/AudioWidgets/Content/AudioMaterialSlate/M_AudioMaterialToggleButton.uexp" 198
"../../../Engine/Plugins/Runtime/AudioWidgets/Content/AudioMaterialSlate/MI_AudioMaterialToggleButton.uasset" 199
"../../../Engine/Plugins/Runtime/AudioWidgets/Content/AudioMaterialSlate/MI_AudioMaterialToggleButton.uexp" 200
"../../../Engine/Content/Functions/Engine_MaterialFunctions02/Utility/VectorLength.uasset" 201
"../../../Engine/Content/Functions/Engine_MaterialFunctions02/Utility/VectorLength.uexp" 202
"../../../Engine/Content/Functions/Engine_MaterialFunctions01/Gradient/GeneratedRoundRect.uasset" 203
"../../../Engine/Content/Functions/Engine_MaterialFunctions01/Gradient/GeneratedRoundRect.uexp" 204
"../../../Engine/Plugins/Runtime/AudioWidgets/Content/AudioMaterialSlate/M_AudioMaterialRoundedSlider.uasset" 205
"../../../Engine/Plugins/Runtime/AudioWidgets/Content/AudioMaterialSlate/M_AudioMaterialRoundedSlider.uexp" 206
"../../../Engine/Plugins/Runtime/AudioWidgets/Content/AudioMaterialSlate/MI_AudioMaterialRoundedSlider.uasset" 207
"../../../Engine/Plugins/Runtime/AudioWidgets/Content/AudioMaterialSlate/MI_AudioMaterialRoundedSlider.uexp" 208
"../../../Engine/Plugins/Runtime/AudioWidgets/Content/AudioMaterialSlate/Functions/MF_Lines.uasset" 209
"../../../Engine/Plugins/Runtime/AudioWidgets/Content/AudioMaterialSlate/Functions/MF_Lines.uexp" 210
"../../../Engine/Content/Functions/Engine_MaterialFunctions02/Lerp_3Color.uasset" 211
"../../../Engine/Content/Functions/Engine_MaterialFunctions02/Lerp_3Color.uexp" 212
"../../../Engine/Plugins/Runtime/AudioWidgets/Content/AudioMaterialSlate/M_AudioMaterialMeter.uasset" 213
"../../../Engine/Plugins/Runtime/AudioWidgets/Content/AudioMaterialSlate/M_AudioMaterialMeter.uexp" 214
"../../../Engine/Plugins/Runtime/AudioWidgets/Content/AudioMaterialSlate/MI_AudioMaterialMeter.uasset" 215
"../../../Engine/Plugins/Runtime/AudioWidgets/Content/AudioMaterialSlate/MI_AudioMaterialMeter.uexp" 216
"../../../Engine/Plugins/Runtime/AudioWidgets/Content/AudioMaterialSlate/M_AudioMaterialKnob.uasset" 217
"../../../Engine/Plugins/Runtime/AudioWidgets/Content/AudioMaterialSlate/M_AudioMaterialKnob.uexp" 218
"../../../Engine/Plugins/Runtime/AudioWidgets/Content/AudioMaterialSlate/MI_AudioMaterialKnob.uasset" 219
"../../../Engine/Plugins/Runtime/AudioWidgets/Content/AudioMaterialSlate/MI_AudioMaterialKnob.uexp" 220
"../../../Engine/Plugins/Runtime/AudioWidgets/Content/AudioMaterialSlate/Functions/MF_DotOutlined.uasset" 221
"../../../Engine/Plugins/Runtime/AudioWidgets/Content/AudioMaterialSlate/Functions/MF_DotOutlined.uexp" 222
"../../../Engine/Plugins/Runtime/AudioWidgets/Content/AudioMaterialSlate/M_AudioMaterialEnvelope_ADSR.uasset" 223
"../../../Engine/Plugins/Runtime/AudioWidgets/Content/AudioMaterialSlate/M_AudioMaterialEnvelope_ADSR.uexp" 224
"../../../Engine/Plugins/Runtime/AudioWidgets/Content/AudioMaterialSlate/MI_AudioMaterialEnvelope_ADSR.uasset" 225
"../../../Engine/Plugins/Runtime/AudioWidgets/Content/AudioMaterialSlate/MI_AudioMaterialEnvelope_ADSR.uexp" 226
"../../../Engine/Plugins/NNE/NNEDenoiser/Content/NNEDTOM_Output_Default.uasset" 227
"../../../Engine/Plugins/NNE/NNEDenoiser/Content/NNEDTOM_Output_Default.uexp" 228
"../../../Engine/Plugins/NNE/NNEDenoiser/Content/NNEDTOM_Output_Alpha.uasset" 229
"../../../Engine/Plugins/NNE/NNEDenoiser/Content/NNEDTOM_Output_Alpha.uexp" 230
"../../../Engine/Plugins/NNE/NNEDenoiser/Content/NNEDTIM_ColorAlbedoNormal_Default.uasset" 231
"../../../Engine/Plugins/NNE/NNEDenoiser/Content/NNEDTIM_ColorAlbedoNormal_Default.uexp" 232
"../../../Engine/Plugins/NNE/NNEDenoiser/Content/NNEDTIM_ColorAlbedoNormal_Alpha.uasset" 233
"../../../Engine/Plugins/NNE/NNEDenoiser/Content/NNEDTIM_ColorAlbedoNormal_Alpha.uexp" 234
"../../../Engine/Plugins/NNE/NNEDenoiser/Content/NNEDOM_Output_Default.uasset" 235
"../../../Engine/Plugins/NNE/NNEDenoiser/Content/NNEDOM_Output_Default.uexp" 236
"../../../Engine/Plugins/NNE/NNEDenoiser/Content/NNEDOM_Output_Alpha.uasset" 237
"../../../Engine/Plugins/NNE/NNEDenoiser/Content/NNEDOM_Output_Alpha.uexp" 238
"../../../Engine/Plugins/NNE/NNEDenoiser/Content/NNEDIM_HighQuality_Default.uasset" 239
"../../../Engine/Plugins/NNE/NNEDenoiser/Content/NNEDIM_HighQuality_Default.uexp" 240
"../../../Engine/Plugins/NNE/NNEDenoiser/Content/NNEDIM_HighQuality_Alpha.uasset" 241
"../../../Engine/Plugins/NNE/NNEDenoiser/Content/NNEDIM_HighQuality_Alpha.uexp" 242
"../../../Engine/Plugins/NNE/NNEDenoiser/Content/NNEDIM_ColorAlbedoNormal_Default.uasset" 243
"../../../Engine/Plugins/NNE/NNEDenoiser/Content/NNEDIM_ColorAlbedoNormal_Default.uexp" 244
"../../../Engine/Plugins/NNE/NNEDenoiser/Content/NNEDIM_ColorAlbedoNormal_Alpha.uasset" 245
"../../../Engine/Plugins/NNE/NNEDenoiser/Content/NNEDIM_ColorAlbedoNormal_Alpha.uexp" 246
"../../../Engine/Content/EngineMaterials/T_Default_Material_Grid_M.ubulk" 247
"../../../Engine/Content/EngineMaterials/T_Default_Material_Grid_M.uasset" 248
"../../../Engine/Content/EngineMaterials/T_Default_Material_Grid_M.uexp" 249
"../../../Engine/Content/EngineMaterials/T_Default_Material_Grid_N.ubulk" 250
"../../../Engine/Content/EngineMaterials/T_Default_Material_Grid_N.uasset" 251
"../../../Engine/Content/EngineMaterials/T_Default_Material_Grid_N.uexp" 252
"../../../Engine/Content/Functions/Engine_MaterialFunctions01/Opacity/CameraDepthFade.uasset" 253
"../../../Engine/Content/Functions/Engine_MaterialFunctions01/Opacity/CameraDepthFade.uexp" 254
"../../../Engine/Content/EngineMaterials/WorldGridMaterial.uasset" 255
"../../../Engine/Content/EngineMaterials/WorldGridMaterial.uexp" 256
"../../../Engine/Plugins/Media/MediaPlate/Content/SM_MediaPlateScreen.ubulk" 257
"../../../Engine/Plugins/Media/MediaPlate/Content/SM_MediaPlateScreen.uasset" 258
"../../../Engine/Plugins/Media/MediaPlate/Content/SM_MediaPlateScreen.uexp" 259
"../../../Engine/Plugins/Interchange/Assets/Content/gltf/Textures/T_White_srgb.uasset" 260
"../../../Engine/Plugins/Interchange/Assets/Content/gltf/Textures/T_White_srgb.uexp" 261
"../../../Engine/Plugins/Interchange/Assets/Content/gltf/MaterialFunctions/MF_BaseColor.uasset" 262
"../../../Engine/Plugins/Interchange/Assets/Content/gltf/MaterialFunctions/MF_BaseColor.uexp" 263
"../../../Engine/Plugins/Interchange/Assets/Content/gltf/MaterialFunctions/MF_RotateV2.uasset" 264
"../../../Engine/Plugins/Interchange/Assets/Content/gltf/MaterialFunctions/MF_RotateV2.uexp" 265
"../../../Engine/Plugins/Interchange/Assets/Content/gltf/MaterialFunctions/MF_TransformUVs.uasset" 266
"../../../Engine/Plugins/Interchange/Assets/Content/gltf/MaterialFunctions/MF_TransformUVs.uexp" 267
"../../../Engine/Plugins/Interchange/Assets/Content/gltf/MaterialBodies/MF_Unlit_Body.uasset" 268
"../../../Engine/Plugins/Interchange/Assets/Content/gltf/MaterialBodies/MF_Unlit_Body.uexp" 269
"../../../Engine/Plugins/Interchange/Assets/Content/gltf/M_Unlit.uasset" 270
"../../../Engine/Plugins/Interchange/Assets/Content/gltf/M_Unlit.uexp" 271
"../../../Engine/Plugins/Interchange/Assets/Content/gltf/MaterialInstances/MI_Unlit_Opaque_DS.uasset" 272
"../../../Engine/Plugins/Interchange/Assets/Content/gltf/MaterialInstances/MI_Unlit_Opaque_DS.uexp" 273
"../../../Engine/Plugins/Interchange/Assets/Content/gltf/MaterialInstances/MI_Unlit_Opaque.uasset" 274
"../../../Engine/Plugins/Interchange/Assets/Content/gltf/MaterialInstances/MI_Unlit_Opaque.uexp" 275
"../../../Engine/Plugins/Interchange/Assets/Content/gltf/MaterialInstances/MI_Unlit_Mask_DS.uasset" 276
"../../../Engine/Plugins/Interchange/Assets/Content/gltf/MaterialInstances/MI_Unlit_Mask_DS.uexp" 277
"../../../Engine/Plugins/Interchange/Assets/Content/gltf/MaterialInstances/MI_Unlit_Mask.uasset" 278
"../../../Engine/Plugins/Interchange/Assets/Content/gltf/MaterialInstances/MI_Unlit_Mask.uexp" 279
"../../../Engine/Plugins/Interchange/Assets/Content/gltf/MaterialInstances/MI_Unlit_Blend_DS.uasset" 280
"../../../Engine/Plugins/Interchange/Assets/Content/gltf/MaterialInstances/MI_Unlit_Blend_DS.uexp" 281
"../../../Engine/Plugins/Interchange/Assets/Content/gltf/MaterialInstances/MI_Unlit_Blend.uasset" 282
"../../../Engine/Plugins/Interchange/Assets/Content/gltf/MaterialInstances/MI_Unlit_Blend.uexp" 283
"../../../Engine/Content/Functions/Engine_MaterialFunctions02/Utility/BreakOutFloat3Components.uasset" 284
"../../../Engine/Content/Functions/Engine_MaterialFunctions02/Utility/BreakOutFloat3Components.uexp" 285
"../../../Engine/Content/Functions/Engine_MaterialFunctions02/Math/Transform3x3Matrix.uasset" 286
"../../../Engine/Content/Functions/Engine_MaterialFunctions02/Math/Transform3x3Matrix.uexp" 287
"../../../Engine/Content/Functions/Engine_MaterialFunctions02/Utility/CameraDirectionVector.uasset" 288
"../../../Engine/Content/Functions/Engine_MaterialFunctions02/Utility/CameraDirectionVector.uexp" 289
"../../../Engine/Plugins/Interchange/Assets/Content/Utilities/New_LUT.uasset" 290
"../../../Engine/Plugins/Interchange/Assets/Content/Utilities/New_LUT.uexp" 291
"../../../Engine/Content/EngineMaterials/Good64x64TilingNoiseHighFreq.uasset" 292
"../../../Engine/Content/EngineMaterials/Good64x64TilingNoiseHighFreq.uexp" 293
"../../../Engine/Content/Functions/Engine_MaterialFunctions02/Texturing/ScreenAlignedPixelToPixelUVs.uasset" 294
"../../../Engine/Content/Functions/Engine_MaterialFunctions02/Texturing/ScreenAlignedPixelToPixelUVs.uexp" 295
"../../../Engine/Plugins/Interchange/Assets/Content/gltf/MaterialFunctions/MF_Temporal_Blur.uasset" 296
"../../../Engine/Plugins/Interchange/Assets/Content/gltf/MaterialFunctions/MF_Temporal_Blur.uexp" 297
"../../../Engine/Plugins/Interchange/Assets/Content/gltf/MaterialFunctions/MF_Specular.uasset" 298
"../../../Engine/Plugins/Interchange/Assets/Content/gltf/MaterialFunctions/MF_Specular.uexp" 299
"../../../Engine/Plugins/Interchange/Assets/Content/gltf/Textures/T_Anisotropy_Direction_Linear.uasset" 300
"../../../Engine/Plugins/Interchange/Assets/Content/gltf/Textures/T_Anisotropy_Direction_Linear.uexp" 301
"../../../Engine/Plugins/Interchange/Assets/Content/gltf/MaterialFunctions/MF_SpecularAnisotropy.uasset" 302
"../../../Engine/Plugins/Interchange/Assets/Content/gltf/MaterialFunctions/MF_SpecularAnisotropy.uexp" 303
"../../../Engine/Plugins/Interchange/Assets/Content/gltf/Textures/T_White_Linear.uasset" 304
"../../../Engine/Plugins/Interchange/Assets/Content/gltf/Textures/T_White_Linear.uexp" 305
"../../../Engine/Plugins/Interchange/Assets/Content/gltf/MaterialFunctions/MF_MetallicRoughness.uasset" 306
"../../../Engine/Plugins/Interchange/Assets/Content/gltf/MaterialFunctions/MF_MetallicRoughness.uexp" 307
"../../../Engine/Plugins/Interchange/Assets/Content/gltf/Textures/T_Generic_N.uasset" 308
"../../../Engine/Plugins/Interchange/Assets/Content/gltf/Textures/T_Generic_N.uexp" 309
"../../../Engine/Plugins/Interchange/Assets/Content/gltf/MaterialFunctions/MF_ScaleNormal.uasset" 310
"../../../Engine/Plugins/Interchange/Assets/Content/gltf/MaterialFunctions/MF_ScaleNormal.uexp" 311
"../../../Engine/Plugins/Interchange/Assets/Content/gltf/MaterialFunctions/MF_Fresnel_DS.uasset" 312
"../../../Engine/Plugins/Interchange/Assets/Content/gltf/MaterialFunctions/MF_Fresnel_DS.uexp" 313
"../../../Engine/Content/Functions/Engine_MaterialFunctions03/Math/RemapValueRange.uasset" 314
"../../../Engine/Content/Functions/Engine_MaterialFunctions03/Math/RemapValueRange.uexp" 315
"../../../Engine/Plugins/Interchange/Assets/Content/Functions/MF_Iridescence.uasset" 316
"../../../Engine/Plugins/Interchange/Assets/Content/Functions/MF_Iridescence.uexp" 317
"../../../Engine/Plugins/Interchange/Assets/Content/gltf/MaterialFunctions/MF_Iridescence.uasset" 318
"../../../Engine/Plugins/Interchange/Assets/Content/gltf/MaterialFunctions/MF_Iridescence.uexp" 319
"../../../Engine/Plugins/Interchange/Assets/Content/gltf/MaterialFunctions/MF_Occlusion.uasset" 320
"../../../Engine/Plugins/Interchange/Assets/Content/gltf/MaterialFunctions/MF_Occlusion.uexp" 321
"../../../Engine/Plugins/Interchange/Assets/Content/gltf/MaterialFunctions/MF_IOR.uasset" 322
"../../../Engine/Plugins/Interchange/Assets/Content/gltf/MaterialFunctions/MF_IOR.uexp" 323
"../../../Engine/Plugins/Interchange/Assets/Content/gltf/MaterialFunctions/MF_Transmission.uasset" 324
"../../../Engine/Plugins/Interchange/Assets/Content/gltf/MaterialFunctions/MF_Transmission.uexp" 325
"../../../Engine/Plugins/Interchange/Assets/Content/gltf/MaterialFunctions/MF_RotateNormals_TS.uasset" 326
"../../../Engine/Plugins/Interchange/Assets/Content/gltf/MaterialFunctions/MF_RotateNormals_TS.uexp" 327
"../../../Engine/Plugins/Interchange/Assets/Content/gltf/MaterialFunctions/MF_Normals.uasset" 328
"../../../Engine/Plugins/Interchange/Assets/Content/gltf/MaterialFunctions/MF_Normals.uexp" 329
"../../../Engine/Plugins/Interchange/Assets/Content/gltf/MaterialBodies/MF_Transmission_Body.uasset" 330
"../../../Engine/Plugins/Interchange/Assets/Content/gltf/MaterialBodies/MF_Transmission_Body.uexp" 331
"../../../Engine/Plugins/Interchange/Assets/Content/gltf/M_Transmission.uasset" 332
"../../../Engine/Plugins/Interchange/Assets/Content/gltf/M_Transmission.uexp" 333
"../../../Engine/Plugins/Interchange/Assets/Content/gltf/MaterialInstances/MI_Transmission_DS.uasset" 334
"../../../Engine/Plugins/Interchange/Assets/Content/gltf/MaterialInstances/MI_Transmission_DS.uexp" 335
"../../../Engine/Plugins/Interchange/Assets/Content/gltf/MaterialInstances/MI_Transmission.uasset" 336
"../../../Engine/Plugins/Interchange/Assets/Content/gltf/MaterialInstances/MI_Transmission.uexp" 337
"../../../Engine/Content/Functions/Engine_MaterialFunctions02/Math/AddComponents.uasset" 338
"../../../Engine/Content/Functions/Engine_MaterialFunctions02/Math/AddComponents.uexp" 339
"../../../Engine/Plugins/Interchange/Assets/Content/gltf/MaterialFunctions/MF_DiffuseSpecGloss.uasset" 340
"../../../Engine/Plugins/Interchange/Assets/Content/gltf/MaterialFunctions/MF_DiffuseSpecGloss.uexp" 341
"../../../Engine/Plugins/Interchange/Assets/Content/gltf/MaterialFunctions/MF_Emissive.uasset" 342
"../../../Engine/Plugins/Interchange/Assets/Content/gltf/MaterialFunctions/MF_Emissive.uexp" 343
"../../../Engine/Plugins/Interchange/Assets/Content/gltf/MaterialFunctions/MF_PerceivedBrightness.uasset" 344
"../../../Engine/Plugins/Interchange/Assets/Content/gltf/MaterialFunctions/MF_PerceivedBrightness.uexp" 345
"../../../Engine/Plugins/Interchange/Assets/Content/gltf/MaterialFunctions/MF_SpecGlossToMetalRoughness.uasset" 346
"../../../Engine/Plugins/Interchange/Assets/Content/gltf/MaterialFunctions/MF_SpecGlossToMetalRoughness.uexp" 347
"../../../Engine/Plugins/Interchange/Assets/Content/gltf/MaterialFunctions/MF_MaxComponentValue.uasset" 348
"../../../Engine/Plugins/Interchange/Assets/Content/gltf/MaterialFunctions/MF_MaxComponentValue.uexp" 349
"../../../Engine/Plugins/Interchange/Assets/Content/gltf/MaterialBodies/MF_SpecularGlossiness_Body.uasset" 350
"../../../Engine/Plugins/Interchange/Assets/Content/gltf/MaterialBodies/MF_SpecularGlossiness_Body.uexp" 351
"../../../Engine/Plugins/Interchange/Assets/Content/gltf/M_SpecularGlossiness.uasset" 352
"../../../Engine/Plugins/Interchange/Assets/Content/gltf/M_SpecularGlossiness.uexp" 353
"../../../Engine/Plugins/Interchange/Assets/Content/gltf/MaterialInstances/MI_SpecularGlossiness_Opaque_DS.uasset" 354
"../../../Engine/Plugins/Interchange/Assets/Content/gltf/MaterialInstances/MI_SpecularGlossiness_Opaque_DS.uexp" 355
"../../../Engine/Plugins/Interchange/Assets/Content/gltf/MaterialInstances/MI_SpecularGlossiness_Opaque.uasset" 356
"../../../Engine/Plugins/Interchange/Assets/Content/gltf/MaterialInstances/MI_SpecularGlossiness_Opaque.uexp" 357
"../../../Engine/Plugins/Interchange/Assets/Content/gltf/MaterialInstances/MI_SpecularGlossiness_Mask_DS.uasset" 358
"../../../Engine/Plugins/Interchange/Assets/Content/gltf/MaterialInstances/MI_SpecularGlossiness_Mask_DS.uexp" 359
"../../../Engine/Plugins/Interchange/Assets/Content/gltf/MaterialInstances/MI_SpecularGlossiness_Mask.uasset" 360
"../../../Engine/Plugins/Interchange/Assets/Content/gltf/MaterialInstances/MI_SpecularGlossiness_Mask.uexp" 361
"../../../Engine/Plugins/Interchange/Assets/Content/gltf/MaterialInstances/MI_SpecularGlossiness_Blend_DS.uasset" 362
"../../../Engine/Plugins/Interchange/Assets/Content/gltf/MaterialInstances/MI_SpecularGlossiness_Blend_DS.uexp" 363
"../../../Engine/Plugins/Interchange/Assets/Content/gltf/MaterialInstances/MI_SpecularGlossiness_Blend.uasset" 364
"../../../Engine/Plugins/Interchange/Assets/Content/gltf/MaterialInstances/MI_SpecularGlossiness_Blend.uexp" 365
"../../../Engine/Plugins/Interchange/Assets/Content/gltf/MaterialFunctions/MF_Sheen.uasset" 366
"../../../Engine/Plugins/Interchange/Assets/Content/gltf/MaterialFunctions/MF_Sheen.uexp" 367
"../../../Engine/Plugins/Interchange/Assets/Content/gltf/MaterialBodies/MF_Sheen_Body.uasset" 368
"../../../Engine/Plugins/Interchange/Assets/Content/gltf/MaterialBodies/MF_Sheen_Body.uexp" 369
"../../../Engine/Plugins/Interchange/Assets/Content/gltf/M_Sheen.uasset" 370
"../../../Engine/Plugins/Interchange/Assets/Content/gltf/M_Sheen.uexp" 371
"../../../Engine/Plugins/Interchange/Assets/Content/gltf/MaterialInstances/MI_Sheen_Opaque_DS.uasset" 372
"../../../Engine/Plugins/Interchange/Assets/Content/gltf/MaterialInstances/MI_Sheen_Opaque_DS.uexp" 373
"../../../Engine/Plugins/Interchange/Assets/Content/gltf/MaterialInstances/MI_Sheen_Opaque.uasset" 374
"../../../Engine/Plugins/Interchange/Assets/Content/gltf/MaterialInstances/MI_Sheen_Opaque.uexp" 375
"../../../Engine/Plugins/Interchange/Assets/Content/gltf/MaterialInstances/MI_Sheen_Mask_DS.uasset" 376
"../../../Engine/Plugins/Interchange/Assets/Content/gltf/MaterialInstances/MI_Sheen_Mask_DS.uexp" 377
"../../../Engine/Plugins/Interchange/Assets/Content/gltf/MaterialInstances/MI_Sheen_Mask.uasset" 378
"../../../Engine/Plugins/Interchange/Assets/Content/gltf/MaterialInstances/MI_Sheen_Mask.uexp" 379
"../../../Engine/Plugins/Interchange/Assets/Content/gltf/MaterialInstances/MI_Sheen_Blend_DS.uasset" 380
"../../../Engine/Plugins/Interchange/Assets/Content/gltf/MaterialInstances/MI_Sheen_Blend_DS.uexp" 381
"../../../Engine/Plugins/Interchange/Assets/Content/gltf/MaterialInstances/MI_Sheen_Blend.uasset" 382
"../../../Engine/Plugins/Interchange/Assets/Content/gltf/MaterialInstances/MI_Sheen_Blend.uexp" 383
"../../../Engine/Plugins/Interchange/Assets/Content/gltf/MaterialBodies/MF_Default_Body.uasset" 384
"../../../Engine/Plugins/Interchange/Assets/Content/gltf/MaterialBodies/MF_Default_Body.uexp" 385
"../../../Engine/Plugins/Interchange/Assets/Content/gltf/M_Default.uasset" 386
"../../../Engine/Plugins/Interchange/Assets/Content/gltf/M_Default.uexp" 387
"../../../Engine/Plugins/Interchange/Assets/Content/gltf/MaterialInstances/MI_Default_Opaque_DS.uasset" 388
"../../../Engine/Plugins/Interchange/Assets/Content/gltf/MaterialInstances/MI_Default_Opaque_DS.uexp" 389
"../../../Engine/Plugins/Interchange/Assets/Content/gltf/MaterialInstances/MI_Default_Opaque.uasset" 390
"../../../Engine/Plugins/Interchange/Assets/Content/gltf/MaterialInstances/MI_Default_Opaque.uexp" 391
"../../../Engine/Plugins/Interchange/Assets/Content/gltf/MaterialInstances/MI_Default_Mask_DS.uasset" 392
"../../../Engine/Plugins/Interchange/Assets/Content/gltf/MaterialInstances/MI_Default_Mask_DS.uexp" 393
"../../../Engine/Plugins/Interchange/Assets/Content/gltf/MaterialInstances/MI_Default_Mask.uasset" 394
"../../../Engine/Plugins/Interchange/Assets/Content/gltf/MaterialInstances/MI_Default_Mask.uexp" 395
"../../../Engine/Plugins/Interchange/Assets/Content/gltf/MaterialInstances/MI_Default_Blend_DS.uasset" 396
"../../../Engine/Plugins/Interchange/Assets/Content/gltf/MaterialInstances/MI_Default_Blend_DS.uexp" 397
"../../../Engine/Plugins/Interchange/Assets/Content/gltf/MaterialInstances/MI_Default_Blend.uasset" 398
"../../../Engine/Plugins/Interchange/Assets/Content/gltf/MaterialInstances/MI_Default_Blend.uexp" 399
"../../../Engine/Content/Functions/Engine_MaterialFunctions01/Texturing/FlattenNormal.uasset" 400
"../../../Engine/Content/Functions/Engine_MaterialFunctions01/Texturing/FlattenNormal.uexp" 401
"../../../Engine/Plugins/Interchange/Assets/Content/gltf/MaterialFunctions/MF_Clearcoat.uasset" 402
"../../../Engine/Plugins/Interchange/Assets/Content/gltf/MaterialFunctions/MF_Clearcoat.uexp" 403
"../../../Engine/Plugins/Interchange/Assets/Content/gltf/MaterialBodies/MF_ClearCoat_Body.uasset" 404
"../../../Engine/Plugins/Interchange/Assets/Content/gltf/MaterialBodies/MF_ClearCoat_Body.uexp" 405
"../../../Engine/Plugins/Interchange/Assets/Content/gltf/M_ClearCoat.uasset" 406
"../../../Engine/Plugins/Interchange/Assets/Content/gltf/M_ClearCoat.uexp" 407
"../../../Engine/Plugins/Interchange/Assets/Content/gltf/MaterialInstances/MI_ClearCoat_Opaque_DS.uasset" 408
"../../../Engine/Plugins/Interchange/Assets/Content/gltf/MaterialInstances/MI_ClearCoat_Opaque_DS.uexp" 409
"../../../Engine/Plugins/Interchange/Assets/Content/gltf/MaterialInstances/MI_ClearCoat_Opaque.uasset" 410
"../../../Engine/Plugins/Interchange/Assets/Content/gltf/MaterialInstances/MI_ClearCoat_Opaque.uexp" 411
"../../../Engine/Plugins/Interchange/Assets/Content/gltf/MaterialInstances/MI_ClearCoat_Mask_DS.uasset" 412
"../../../Engine/Plugins/Interchange/Assets/Content/gltf/MaterialInstances/MI_ClearCoat_Mask_DS.uexp" 413
"../../../Engine/Plugins/Interchange/Assets/Content/gltf/MaterialInstances/MI_ClearCoat_Mask.uasset" 414
"../../../Engine/Plugins/Interchange/Assets/Content/gltf/MaterialInstances/MI_ClearCoat_Mask.uexp" 415
"../../../Engine/Plugins/Interchange/Assets/Content/gltf/MaterialInstances/MI_ClearCoat_Blend_DS.uasset" 416
"../../../Engine/Plugins/Interchange/Assets/Content/gltf/MaterialInstances/MI_ClearCoat_Blend_DS.uexp" 417
"../../../Engine/Plugins/Interchange/Assets/Content/gltf/MaterialInstances/MI_ClearCoat_Blend.uasset" 418
"../../../Engine/Plugins/Interchange/Assets/Content/gltf/MaterialInstances/MI_ClearCoat_Blend.uexp" 419
"../../../Engine/Plugins/Interchange/Assets/Content/Functions/MX_UsdPreviewSurface.uasset" 420
"../../../Engine/Plugins/Interchange/Assets/Content/Functions/MX_UsdPreviewSurface.uexp" 421
"../../../Engine/Plugins/Interchange/Assets/Content/Functions/MX_UniformEDF.uasset" 422
"../../../Engine/Plugins/Interchange/Assets/Content/Functions/MX_UniformEDF.uexp" 423
"../../../Engine/Plugins/Interchange/Assets/Content/Functions/MX_TranslucentBSDF.uasset" 424
"../../../Engine/Plugins/Interchange/Assets/Content/Functions/MX_TranslucentBSDF.uexp" 425
"../../../Engine/Plugins/Interchange/Assets/Content/Functions/MX_ThinFilmBSDF.uasset" 426
"../../../Engine/Plugins/Interchange/Assets/Content/Functions/MX_ThinFilmBSDF.uexp" 427
"../../../Engine/Plugins/Interchange/Assets/Content/Functions/MX_SurfaceUnlit.uasset" 428
"../../../Engine/Plugins/Interchange/Assets/Content/Functions/MX_SurfaceUnlit.uexp" 429
"../../../Engine/Plugins/Interchange/Assets/Content/Functions/MX_Surface.uasset" 430
"../../../Engine/Plugins/Interchange/Assets/Content/Functions/MX_Surface.uexp" 431
"../../../Engine/Plugins/Interchange/Assets/Content/Functions/MX_SubsurfaceBSDF.uasset" 432
"../../../Engine/Plugins/Interchange/Assets/Content/Functions/MX_SubsurfaceBSDF.uexp" 433
"../../../Engine/Plugins/Interchange/Assets/Content/Functions/MX_SheenBSDF.uasset" 434
"../../../Engine/Plugins/Interchange/Assets/Content/Functions/MX_SheenBSDF.uexp" 435
"../../../Engine/Plugins/Interchange/Assets/Content/Functions/MX_OrenNayarBSDF.uasset" 436
"../../../Engine/Plugins/Interchange/Assets/Content/Functions/MX_OrenNayarBSDF.uexp" 437
"../../../Engine/Plugins/Interchange/Assets/Content/Functions/MX_StandardSurface.uasset" 438
"../../../Engine/Plugins/Interchange/Assets/Content/Functions/MX_StandardSurface.uexp" 439
"../../../Engine/Plugins/Interchange/Assets/Content/Functions/MX_TransmissionSurface.uasset" 440
"../../../Engine/Plugins/Interchange/Assets/Content/Functions/MX_TransmissionSurface.uexp" 441
"../../../Engine/Plugins/Interchange/Assets/Content/Functions/MX_OpenPBR_Translucent.uasset" 442
"../../../Engine/Plugins/Interchange/Assets/Content/Functions/MX_OpenPBR_Translucent.uexp" 443
"../../../Engine/Plugins/Interchange/Assets/Content/Functions/MX_OpenPBR_Opaque.uasset" 444
"../../../Engine/Plugins/Interchange/Assets/Content/Functions/MX_OpenPBR_Opaque.uexp" 445
"../../../Engine/Plugins/Interchange/Assets/Content/Functions/MX_MeasuredEDF.uasset" 446
"../../../Engine/Plugins/Interchange/Assets/Content/Functions/MX_MeasuredEDF.uexp" 447
"../../../Engine/Plugins/Interchange/Assets/Content/Functions/MX_GeneralizedSchlickBSDF.uasset" 448
"../../../Engine/Plugins/Interchange/Assets/Content/Functions/MX_GeneralizedSchlickBSDF.uexp" 449
"../../../Engine/Plugins/Interchange/Assets/Content/Functions/MX_DielectricBSDF.uasset" 450
"../../../Engine/Plugins/Interchange/Assets/Content/Functions/MX_DielectricBSDF.uexp" 451
"../../../Engine/Plugins/Interchange/Assets/Content/Functions/MX_ConicalEDF.uasset" 452
"../../../Engine/Plugins/Interchange/Assets/Content/Functions/MX_ConicalEDF.uexp" 453
"../../../Engine/Plugins/Interchange/Assets/Content/Functions/MX_ConductorBSDF.uasset" 454
"../../../Engine/Plugins/Interchange/Assets/Content/Functions/MX_ConductorBSDF.uexp" 455
"../../../Engine/Plugins/Interchange/Assets/Content/Functions/MX_BurleyDiffuseBSDF.uasset" 456
"../../../Engine/Plugins/Interchange/Assets/Content/Functions/MX_BurleyDiffuseBSDF.uexp" 457
"../../../Engine/Plugins/Interchange/Assets/Content/Functions/MX_AnisotropicVDF.uasset" 458
"../../../Engine/Plugins/Interchange/Assets/Content/Functions/MX_AnisotropicVDF.uexp" 459
"../../../Engine/Plugins/Interchange/Assets/Content/Functions/MX_AbsorptionVDF.uasset" 460
"../../../Engine/Plugins/Interchange/Assets/Content/Functions/MX_AbsorptionVDF.uexp" 461
"../../../Engine/Plugins/Editor/SpeedTreeImporter/Content/SpeedTree9/game_wind_noise.ubulk" 462
"../../../Engine/Plugins/Editor/SpeedTreeImporter/Content/SpeedTree9/game_wind_noise.uasset" 463
"../../../Engine/Plugins/Editor/SpeedTreeImporter/Content/SpeedTree9/game_wind_noise.uexp" 464
"../../../Engine/Plugins/Editor/SpeedTreeImporter/Content/SpeedTree9/UnpackDirection.uasset" 465
"../../../Engine/Plugins/Editor/SpeedTreeImporter/Content/SpeedTree9/UnpackDirection.uexp" 466
"../../../Engine/Content/Functions/Engine_MaterialFunctions02/ObjectLocalBounds.uasset" 467
"../../../Engine/Content/Functions/Engine_MaterialFunctions02/ObjectLocalBounds.uexp" 468
"../../../Engine/Content/Functions/Engine_MaterialFunctions02/UVs/BoundingBoxBased_0-1_UVW.uasset" 469
"../../../Engine/Content/Functions/Engine_MaterialFunctions02/UVs/BoundingBoxBased_0-1_UVW.uexp" 470
"../../../Engine/Plugins/Editor/SpeedTreeImporter/Content/SpeedTree9/UnpackInteger3.uasset" 471
"../../../Engine/Plugins/Editor/SpeedTreeImporter/Content/SpeedTree9/UnpackInteger3.uexp" 472
"../../../Engine/Plugins/Editor/SpeedTreeImporter/Content/SpeedTree9/SpeedTreeCameraFacing.uasset" 473
"../../../Engine/Plugins/Editor/SpeedTreeImporter/Content/SpeedTree9/SpeedTreeCameraFacing.uexp" 474
"../../../Engine/Content/Functions/Engine_MaterialFunctions02/WorldPositionOffset/ObjectScale.uasset" 475
"../../../Engine/Content/Functions/Engine_MaterialFunctions02/WorldPositionOffset/ObjectScale.uexp" 476
"../../../Engine/Content/Functions/Engine_MaterialFunctions02/SafeNormalize.uasset" 477
"../../../Engine/Content/Functions/Engine_MaterialFunctions02/SafeNormalize.uexp" 478
"../../../Engine/Plugins/Editor/SpeedTreeImporter/Content/SpeedTree9/SpeedTreeWindMotion.uasset" 479
"../../../Engine/Plugins/Editor/SpeedTreeImporter/Content/SpeedTree9/SpeedTreeWindMotion.uexp" 480
"../../../Engine/Plugins/Editor/SpeedTreeImporter/Content/SpeedTree9/SpeedTreeBranchMotion.uasset" 481
"../../../Engine/Plugins/Editor/SpeedTreeImporter/Content/SpeedTree9/SpeedTreeBranchMotion.uexp" 482
"../../../Engine/Plugins/Editor/SpeedTreeImporter/Content/SpeedTree9/SpeedTreeWind.uasset" 483
"../../../Engine/Plugins/Editor/SpeedTreeImporter/Content/SpeedTree9/SpeedTreeWind.uexp" 484
"../../../Engine/Plugins/Editor/SpeedTreeImporter/Content/SpeedTree9/EmptyNormal.uasset" 485
"../../../Engine/Plugins/Editor/SpeedTreeImporter/Content/SpeedTree9/EmptyNormal.uexp" 486
"../../../Engine/Plugins/Editor/SpeedTreeImporter/Content/SpeedTree9/Empty.uasset" 487
"../../../Engine/Plugins/Editor/SpeedTreeImporter/Content/SpeedTree9/Empty.uexp" 488
"../../../Engine/Plugins/Editor/SpeedTreeImporter/Content/SpeedTree9/SpeedTreeMaster.uasset" 489
"../../../Engine/Plugins/Editor/SpeedTreeImporter/Content/SpeedTree9/SpeedTreeMaster.uexp" 490
"../../../Engine/Plugins/Editor/SpeedTreeImporter/Content/SpeedTree9/SpeedTreeBillboard.uasset" 491
"../../../Engine/Plugins/Editor/SpeedTreeImporter/Content/SpeedTree9/SpeedTreeBillboard.uexp" 492
"../../../Engine/Plugins/Editor/SpeedTreeImporter/Content/SpeedTree9/SpeedTreeBillboardMaster.uasset" 493
"../../../Engine/Plugins/Editor/SpeedTreeImporter/Content/SpeedTree9/SpeedTreeBillboardMaster.uexp" 494
"../../../Engine/Content/Functions/Engine_MaterialFunctions02/WorldPositionOffset/CameraOffset.uasset" 495
"../../../Engine/Content/Functions/Engine_MaterialFunctions02/WorldPositionOffset/CameraOffset.uexp" 496
"../../../Engine/Plugins/Animation/ControlRig/Content/M_Manip.uasset" 497
"../../../Engine/Plugins/Animation/ControlRig/Content/M_Manip.uexp" 498
"../../../Engine/Plugins/Animation/ControlRig/Content/Controls/ControlRig_Wedge_solid.ubulk" 499
"../../../Engine/Plugins/Animation/ControlRig/Content/Controls/ControlRig_Wedge_solid.uasset" 500
"../../../Engine/Plugins/Animation/ControlRig/Content/Controls/ControlRig_Wedge_solid.uexp" 501
"../../../Engine/Plugins/Animation/ControlRig/Content/Controls/ControlRig_Wedge_3mm.ubulk" 502
"../../../Engine/Plugins/Animation/ControlRig/Content/Controls/ControlRig_Wedge_3mm.uasset" 503
"../../../Engine/Plugins/Animation/ControlRig/Content/Controls/ControlRig_Wedge_3mm.uexp" 504
"../../../Engine/Plugins/Animation/ControlRig/Content/Controls/ControlRig_Wedge_1mm.ubulk" 505
"../../../Engine/Plugins/Animation/ControlRig/Content/Controls/ControlRig_Wedge_1mm.uasset" 506
"../../../Engine/Plugins/Animation/ControlRig/Content/Controls/ControlRig_Wedge_1mm.uexp" 507
"../../../Engine/Plugins/Animation/ControlRig/Content/Controls/ControlRig_Triangle_solid.ubulk" 508
"../../../Engine/Plugins/Animation/ControlRig/Content/Controls/ControlRig_Triangle_solid.uasset" 509
"../../../Engine/Plugins/Animation/ControlRig/Content/Controls/ControlRig_Triangle_solid.uexp" 510
"../../../Engine/Plugins/Animation/ControlRig/Content/Controls/ControlRig_Triangle_3mm.ubulk" 511
"../../../Engine/Plugins/Animation/ControlRig/Content/Controls/ControlRig_Triangle_3mm.uasset" 512
"../../../Engine/Plugins/Animation/ControlRig/Content/Controls/ControlRig_Triangle_3mm.uexp" 513
"../../../Engine/Plugins/Animation/ControlRig/Content/Controls/ControlRig_Triangle_1mm.ubulk" 514
"../../../Engine/Plugins/Animation/ControlRig/Content/Controls/ControlRig_Triangle_1mm.uasset" 515
"../../../Engine/Plugins/Animation/ControlRig/Content/Controls/ControlRig_Triangle_1mm.uexp" 516
"../../../Engine/Plugins/Animation/ControlRig/Content/Controls/ControlRig_Star4_solid.ubulk" 517
"../../../Engine/Plugins/Animation/ControlRig/Content/Controls/ControlRig_Star4_solid.uasset" 518
"../../../Engine/Plugins/Animation/ControlRig/Content/Controls/ControlRig_Star4_solid.uexp" 519
"../../../Engine/Plugins/Animation/ControlRig/Content/Controls/ControlRig_Star4_3mm.ubulk" 520
"../../../Engine/Plugins/Animation/ControlRig/Content/Controls/ControlRig_Star4_3mm.uasset" 521
"../../../Engine/Plugins/Animation/ControlRig/Content/Controls/ControlRig_Star4_3mm.uexp" 522
"../../../Engine/Plugins/Animation/ControlRig/Content/Controls/ControlRig_Star4_1mm.ubulk" 523
"../../../Engine/Plugins/Animation/ControlRig/Content/Controls/ControlRig_Star4_1mm.uasset" 524
"../../../Engine/Plugins/Animation/ControlRig/Content/Controls/ControlRig_Star4_1mm.uexp" 525
"../../../Engine/Plugins/Animation/ControlRig/Content/Controls/ControlRig_Square_solid.ubulk" 526
"../../../Engine/Plugins/Animation/ControlRig/Content/Controls/ControlRig_Square_solid.uasset" 527
"../../../Engine/Plugins/Animation/ControlRig/Content/Controls/ControlRig_Square_solid.uexp" 528
"../../../Engine/Plugins/Animation/ControlRig/Content/Controls/ControlRig_Square_3mm.ubulk" 529
"../../../Engine/Plugins/Animation/ControlRig/Content/Controls/ControlRig_Square_3mm.uasset" 530
"../../../Engine/Plugins/Animation/ControlRig/Content/Controls/ControlRig_Square_3mm.uexp" 531
"../../../Engine/Plugins/Animation/ControlRig/Content/Controls/ControlRig_Square_1mm.ubulk" 532
"../../../Engine/Plugins/Animation/ControlRig/Content/Controls/ControlRig_Square_1mm.uasset" 533
"../../../Engine/Plugins/Animation/ControlRig/Content/Controls/ControlRig_Square_1mm.uexp" 534
"../../../Engine/Plugins/Animation/ControlRig/Content/Controls/ControlRig_Sphere_solid.ubulk" 535
"../../../Engine/Plugins/Animation/ControlRig/Content/Controls/ControlRig_Sphere_solid.uasset" 536
"../../../Engine/Plugins/Animation/ControlRig/Content/Controls/ControlRig_Sphere_solid.uexp" 537
"../../../Engine/Plugins/Animation/ControlRig/Content/Controls/ControlRig_Sphere_3mm.ubulk" 538
"../../../Engine/Plugins/Animation/ControlRig/Content/Controls/ControlRig_Sphere_3mm.uasset" 539
"../../../Engine/Plugins/Animation/ControlRig/Content/Controls/ControlRig_Sphere_3mm.uexp" 540
"../../../Engine/Plugins/Animation/ControlRig/Content/Controls/ControlRig_Sphere_1mm.ubulk" 541
"../../../Engine/Plugins/Animation/ControlRig/Content/Controls/ControlRig_Sphere_1mm.uasset" 542
"../../../Engine/Plugins/Animation/ControlRig/Content/Controls/ControlRig_Sphere_1mm.uexp" 543
"../../../Engine/Plugins/Animation/ControlRig/Content/Controls/ControlRig_RoundedTriangle_solid.ubulk" 544
"../../../Engine/Plugins/Animation/ControlRig/Content/Controls/ControlRig_RoundedTriangle_solid.uasset" 545
"../../../Engine/Plugins/Animation/ControlRig/Content/Controls/ControlRig_RoundedTriangle_solid.uexp" 546
"../../../Engine/Plugins/Animation/ControlRig/Content/Controls/ControlRig_RoundedTriangle_3mm.ubulk" 547
"../../../Engine/Plugins/Animation/ControlRig/Content/Controls/ControlRig_RoundedTriangle_3mm.uasset" 548
"../../../Engine/Plugins/Animation/ControlRig/Content/Controls/ControlRig_RoundedTriangle_3mm.uexp" 549
"../../../Engine/Plugins/Animation/ControlRig/Content/Controls/ControlRig_RoundedTriangle_1mm.ubulk" 550
"../../../Engine/Plugins/Animation/ControlRig/Content/Controls/ControlRig_RoundedTriangle_1mm.uasset" 551
"../../../Engine/Plugins/Animation/ControlRig/Content/Controls/ControlRig_RoundedTriangle_1mm.uexp" 552
"../../../Engine/Plugins/Animation/ControlRig/Content/Controls/ControlRig_RoundedSquare_solid.ubulk" 553
"../../../Engine/Plugins/Animation/ControlRig/Content/Controls/ControlRig_RoundedSquare_solid.uasset" 554
"../../../Engine/Plugins/Animation/ControlRig/Content/Controls/ControlRig_RoundedSquare_solid.uexp" 555
"../../../Engine/Plugins/Animation/ControlRig/Content/Controls/ControlRig_RoundedSquare_3mm.ubulk" 556
"../../../Engine/Plugins/Animation/ControlRig/Content/Controls/ControlRig_RoundedSquare_3mm.uasset" 557
"../../../Engine/Plugins/Animation/ControlRig/Content/Controls/ControlRig_RoundedSquare_3mm.uexp" 558
"../../../Engine/Plugins/Animation/ControlRig/Content/Controls/ControlRig_RoundedSquare_1mm.ubulk" 559
"../../../Engine/Plugins/Animation/ControlRig/Content/Controls/ControlRig_RoundedSquare_1mm.uasset" 560
"../../../Engine/Plugins/Animation/ControlRig/Content/Controls/ControlRig_RoundedSquare_1mm.uexp" 561
"../../../Engine/Plugins/Animation/ControlRig/Content/Controls/ControlRig_QuarterCircle_solid.ubulk" 562
"../../../Engine/Plugins/Animation/ControlRig/Content/Controls/ControlRig_QuarterCircle_solid.uasset" 563
"../../../Engine/Plugins/Animation/ControlRig/Content/Controls/ControlRig_QuarterCircle_solid.uexp" 564
"../../../Engine/Plugins/Animation/ControlRig/Content/Controls/ControlRig_QuarterCircle_3mm.ubulk" 565
"../../../Engine/Plugins/Animation/ControlRig/Content/Controls/ControlRig_QuarterCircle_3mm.uasset" 566
"../../../Engine/Plugins/Animation/ControlRig/Content/Controls/ControlRig_QuarterCircle_3mm.uexp" 567
"../../../Engine/Plugins/Animation/ControlRig/Content/Controls/ControlRig_QuarterCircle_1mm.ubulk" 568
"../../../Engine/Plugins/Animation/ControlRig/Content/Controls/ControlRig_QuarterCircle_1mm.uasset" 569
"../../../Engine/Plugins/Animation/ControlRig/Content/Controls/ControlRig_QuarterCircle_1mm.uexp" 570
"../../../Engine/Plugins/Animation/ControlRig/Content/Controls/ControlRig_Pyramid_solid.ubulk" 571
"../../../Engine/Plugins/Animation/ControlRig/Content/Controls/ControlRig_Pyramid_solid.uasset" 572
"../../../Engine/Plugins/Animation/ControlRig/Content/Controls/ControlRig_Pyramid_solid.uexp" 573
"../../../Engine/Plugins/Animation/ControlRig/Content/Controls/ControlRig_Pyramid_3mm.ubulk" 574
"../../../Engine/Plugins/Animation/ControlRig/Content/Controls/ControlRig_Pyramid_3mm.uasset" 575
"../../../Engine/Plugins/Animation/ControlRig/Content/Controls/ControlRig_Pyramid_3mm.uexp" 576
"../../../Engine/Plugins/Animation/ControlRig/Content/Controls/ControlRig_Pyramid_1mm.ubulk" 577
"../../../Engine/Plugins/Animation/ControlRig/Content/Controls/ControlRig_Pyramid_1mm.uasset" 578
"../../../Engine/Plugins/Animation/ControlRig/Content/Controls/ControlRig_Pyramid_1mm.uexp" 579
"../../../Engine/Plugins/Animation/ControlRig/Content/Controls/ControlRig_Octagon_solid.ubulk" 580
"../../../Engine/Plugins/Animation/ControlRig/Content/Controls/ControlRig_Octagon_solid.uasset" 581
"../../../Engine/Plugins/Animation/ControlRig/Content/Controls/ControlRig_Octagon_solid.uexp" 582
"../../../Engine/Plugins/Animation/ControlRig/Content/Controls/ControlRig_Octagon_3mm.ubulk" 583
"../../../Engine/Plugins/Animation/ControlRig/Content/Controls/ControlRig_Octagon_3mm.uasset" 584
"../../../Engine/Plugins/Animation/ControlRig/Content/Controls/ControlRig_Octagon_3mm.uexp" 585
"../../../Engine/Plugins/Animation/ControlRig/Content/Controls/ControlRig_Octagon_1mm.ubulk" 586
"../../../Engine/Plugins/Animation/ControlRig/Content/Controls/ControlRig_Octagon_1mm.uasset" 587
"../../../Engine/Plugins/Animation/ControlRig/Content/Controls/ControlRig_Octagon_1mm.uexp" 588
"../../../Engine/Plugins/Animation/ControlRig/Content/Controls/ControlRig_Hexagon_solid.ubulk" 589
"../../../Engine/Plugins/Animation/ControlRig/Content/Controls/ControlRig_Hexagon_solid.uasset" 590
"../../../Engine/Plugins/Animation/ControlRig/Content/Controls/ControlRig_Hexagon_solid.uexp" 591
"../../../Engine/Plugins/Animation/ControlRig/Content/Controls/ControlRig_Hexagon_3mm.ubulk" 592
"../../../Engine/Plugins/Animation/ControlRig/Content/Controls/ControlRig_Hexagon_3mm.uasset" 593
"../../../Engine/Plugins/Animation/ControlRig/Content/Controls/ControlRig_Hexagon_3mm.uexp" 594
"../../../Engine/Plugins/Animation/ControlRig/Content/Controls/ControlRig_Hexagon_1mm.ubulk" 595
"../../../Engine/Plugins/Animation/ControlRig/Content/Controls/ControlRig_Hexagon_1mm.uasset" 596
"../../../Engine/Plugins/Animation/ControlRig/Content/Controls/ControlRig_Hexagon_1mm.uexp" 597
"../../../Engine/Plugins/Animation/ControlRig/Content/Controls/ControlRig_HalfCircle_solid.ubulk" 598
"../../../Engine/Plugins/Animation/ControlRig/Content/Controls/ControlRig_HalfCircle_solid.uasset" 599
"../../../Engine/Plugins/Animation/ControlRig/Content/Controls/ControlRig_HalfCircle_solid.uexp" 600
"../../../Engine/Plugins/Animation/ControlRig/Content/Controls/ControlRig_HalfCircle_3mm.ubulk" 601
"../../../Engine/Plugins/Animation/ControlRig/Content/Controls/ControlRig_HalfCircle_3mm.uasset" 602
"../../../Engine/Plugins/Animation/ControlRig/Content/Controls/ControlRig_HalfCircle_3mm.uexp" 603
"../../../Engine/Plugins/Animation/ControlRig/Content/Controls/ControlRig_HalfCircle_1mm.ubulk" 604
"../../../Engine/Plugins/Animation/ControlRig/Content/Controls/ControlRig_HalfCircle_1mm.uasset" 605
"../../../Engine/Plugins/Animation/ControlRig/Content/Controls/ControlRig_HalfCircle_1mm.uexp" 606
"../../../Engine/Plugins/Animation/ControlRig/Content/Controls/ControlRig_Diamond_solid.ubulk" 607
"../../../Engine/Plugins/Animation/ControlRig/Content/Controls/ControlRig_Diamond_solid.uasset" 608
"../../../Engine/Plugins/Animation/ControlRig/Content/Controls/ControlRig_Diamond_solid.uexp" 609
"../../../Engine/Plugins/Animation/ControlRig/Content/Controls/ControlRig_Diamond_3mm.ubulk" 610
"../../../Engine/Plugins/Animation/ControlRig/Content/Controls/ControlRig_Diamond_3mm.uasset" 611
"../../../Engine/Plugins/Animation/ControlRig/Content/Controls/ControlRig_Diamond_3mm.uexp" 612
"../../../Engine/Plugins/Animation/ControlRig/Content/Controls/ControlRig_Diamond_1mm.ubulk" 613
"../../../Engine/Plugins/Animation/ControlRig/Content/Controls/ControlRig_Diamond_1mm.uasset" 614
"../../../Engine/Plugins/Animation/ControlRig/Content/Controls/ControlRig_Diamond_1mm.uexp" 615
"../../../Engine/Plugins/Animation/ControlRig/Content/Controls/ControlRig_Circle_solid.ubulk" 616
"../../../Engine/Plugins/Animation/ControlRig/Content/Controls/ControlRig_Circle_solid.uasset" 617
"../../../Engine/Plugins/Animation/ControlRig/Content/Controls/ControlRig_Circle_solid.uexp" 618
"../../../Engine/Plugins/Animation/ControlRig/Content/Controls/ControlRig_Circle_3mm.ubulk" 619
"../../../Engine/Plugins/Animation/ControlRig/Content/Controls/ControlRig_Circle_3mm.uasset" 620
"../../../Engine/Plugins/Animation/ControlRig/Content/Controls/ControlRig_Circle_3mm.uexp" 621
"../../../Engine/Plugins/Animation/ControlRig/Content/Controls/ControlRig_Circle_1mm.ubulk" 622
"../../../Engine/Plugins/Animation/ControlRig/Content/Controls/ControlRig_Circle_1mm.uasset" 623
"../../../Engine/Plugins/Animation/ControlRig/Content/Controls/ControlRig_Circle_1mm.uexp" 624
"../../../Engine/Plugins/Animation/ControlRig/Content/Controls/ControlRig_Box_solid.ubulk" 625
"../../../Engine/Plugins/Animation/ControlRig/Content/Controls/ControlRig_Box_solid.uasset" 626
"../../../Engine/Plugins/Animation/ControlRig/Content/Controls/ControlRig_Box_solid.uexp" 627
"../../../Engine/Plugins/Animation/ControlRig/Content/Controls/ControlRig_Box_3mm.ubulk" 628
"../../../Engine/Plugins/Animation/ControlRig/Content/Controls/ControlRig_Box_3mm.uasset" 629
"../../../Engine/Plugins/Animation/ControlRig/Content/Controls/ControlRig_Box_3mm.uexp" 630
"../../../Engine/Plugins/Animation/ControlRig/Content/Controls/ControlRig_Box_1mm.ubulk" 631
"../../../Engine/Plugins/Animation/ControlRig/Content/Controls/ControlRig_Box_1mm.uasset" 632
"../../../Engine/Plugins/Animation/ControlRig/Content/Controls/ControlRig_Box_1mm.uexp" 633
"../../../Engine/Plugins/Animation/ControlRig/Content/Controls/ControlRig_Arrow_solid.ubulk" 634
"../../../Engine/Plugins/Animation/ControlRig/Content/Controls/ControlRig_Arrow_solid.uasset" 635
"../../../Engine/Plugins/Animation/ControlRig/Content/Controls/ControlRig_Arrow_solid.uexp" 636
"../../../Engine/Plugins/Animation/ControlRig/Content/Controls/ControlRig_Arrow_3mm.ubulk" 637
"../../../Engine/Plugins/Animation/ControlRig/Content/Controls/ControlRig_Arrow_3mm.uasset" 638
"../../../Engine/Plugins/Animation/ControlRig/Content/Controls/ControlRig_Arrow_3mm.uexp" 639
"../../../Engine/Plugins/Animation/ControlRig/Content/Controls/ControlRig_Arrow_1mm.ubulk" 640
"../../../Engine/Plugins/Animation/ControlRig/Content/Controls/ControlRig_Arrow_1mm.uasset" 641
"../../../Engine/Plugins/Animation/ControlRig/Content/Controls/ControlRig_Arrow_1mm.uexp" 642
"../../../Engine/Plugins/Animation/ControlRig/Content/Controls/ControlRig_Arrow4_solid.ubulk" 643
"../../../Engine/Plugins/Animation/ControlRig/Content/Controls/ControlRig_Arrow4_solid.uasset" 644
"../../../Engine/Plugins/Animation/ControlRig/Content/Controls/ControlRig_Arrow4_solid.uexp" 645
"../../../Engine/Plugins/Animation/ControlRig/Content/Controls/ControlRig_Arrow4_3mm.ubulk" 646
"../../../Engine/Plugins/Animation/ControlRig/Content/Controls/ControlRig_Arrow4_3mm.uasset" 647
"../../../Engine/Plugins/Animation/ControlRig/Content/Controls/ControlRig_Arrow4_3mm.uexp" 648
"../../../Engine/Plugins/Animation/ControlRig/Content/Controls/ControlRig_Arrow4_1mm.ubulk" 649
"../../../Engine/Plugins/Animation/ControlRig/Content/Controls/ControlRig_Arrow4_1mm.uasset" 650
"../../../Engine/Plugins/Animation/ControlRig/Content/Controls/ControlRig_Arrow4_1mm.uexp" 651
"../../../Engine/Plugins/Animation/ControlRig/Content/Controls/ControlRig_Arrow2_solid.ubulk" 652
"../../../Engine/Plugins/Animation/ControlRig/Content/Controls/ControlRig_Arrow2_solid.uasset" 653
"../../../Engine/Plugins/Animation/ControlRig/Content/Controls/ControlRig_Arrow2_solid.uexp" 654
"../../../Engine/Plugins/Animation/ControlRig/Content/Controls/ControlRig_Arrow2_3mm.ubulk" 655
"../../../Engine/Plugins/Animation/ControlRig/Content/Controls/ControlRig_Arrow2_3mm.uasset" 656
"../../../Engine/Plugins/Animation/ControlRig/Content/Controls/ControlRig_Arrow2_3mm.uexp" 657
"../../../Engine/Plugins/Animation/ControlRig/Content/Controls/ControlRig_Arrow2_1mm.ubulk" 658
"../../../Engine/Plugins/Animation/ControlRig/Content/Controls/ControlRig_Arrow2_1mm.uasset" 659
"../../../Engine/Plugins/Animation/ControlRig/Content/Controls/ControlRig_Arrow2_1mm.uexp" 660
"../../../Engine/Plugins/Animation/ControlRig/Content/Controls/ControlRigXRayMaterial.uasset" 661
"../../../Engine/Plugins/Animation/ControlRig/Content/Controls/ControlRigXRayMaterial.uexp" 662
"../../../Engine/Plugins/Animation/ControlRig/Content/Controls/ControlRigGizmoMaterial.uasset" 663
"../../../Engine/Plugins/Animation/ControlRig/Content/Controls/ControlRigGizmoMaterial.uexp" 664
"../../../Engine/Plugins/2D/Paper2D/Content/DefaultSpriteMaterial.uasset" 665
"../../../Engine/Plugins/2D/Paper2D/Content/DefaultSpriteMaterial.uexp" 666
"../../../Engine/Plugins/2D/Paper2D/Content/OpaqueUnlitSpriteMaterial.uasset" 667
"../../../Engine/Plugins/2D/Paper2D/Content/OpaqueUnlitSpriteMaterial.uexp" 668
"../../../Engine/Plugins/2D/Paper2D/Content/MaskedUnlitSpriteMaterial.uasset" 669
"../../../Engine/Plugins/2D/Paper2D/Content/MaskedUnlitSpriteMaterial.uexp" 670
"../../../Engine/Content/VREditor/LaserPointer/VR_LaserPower_01.ubulk" 671
"../../../Engine/Content/VREditor/LaserPointer/VR_LaserPower_01.uasset" 672
"../../../Engine/Content/VREditor/LaserPointer/VR_LaserPower_01.uexp" 673
"../../../Engine/Content/VREditor/TransformGizmo/TransformGizmoMaterial.uasset" 674
"../../../Engine/Content/VREditor/TransformGizmo/TransformGizmoMaterial.uexp" 675
"../../../Engine/Content/VREditor/TransformGizmo/TranslucentTransformGizmoMaterial.uasset" 676
"../../../Engine/Content/VREditor/TransformGizmo/TranslucentTransformGizmoMaterial.uexp" 677
"../../../Engine/Content/VREditor/TransformGizmo/StartRotationHandleIndicator.ubulk" 678
"../../../Engine/Content/VREditor/TransformGizmo/StartRotationHandleIndicator.uasset" 679
"../../../Engine/Content/VREditor/TransformGizmo/StartRotationHandleIndicator.uexp" 680
"../../../Engine/Content/VREditor/Sounds/UI/Drop_Item_From_ContentBrowser.ubulk" 681
"../../../Engine/Content/VREditor/Sounds/UI/Drop_Item_From_ContentBrowser.uasset" 682
"../../../Engine/Content/VREditor/Sounds/UI/Drop_Item_From_ContentBrowser.uexp" 683
"../../../Engine/Content/VREditor/TransformGizmo/PlaneTranslationHandle.ubulk" 684
"../../../Engine/Content/VREditor/TransformGizmo/PlaneTranslationHandle.uasset" 685
"../../../Engine/Content/VREditor/TransformGizmo/PlaneTranslationHandle.uexp" 686
"../../../Engine/Content/VREditor/Sounds/UI/Object_Snaps_To_Grid.ubulk" 687
"../../../Engine/Content/VREditor/Sounds/UI/Object_Snaps_To_Grid.uasset" 688
"../../../Engine/Content/VREditor/Sounds/UI/Object_Snaps_To_Grid.uexp" 689
"../../../Engine/Content/VREditor/Sounds/UI/Selection_Changes.ubulk" 690
"../../../Engine/Content/VREditor/Sounds/UI/Selection_Changes.uasset" 691
"../../../Engine/Content/VREditor/Sounds/UI/Selection_Changes.uexp" 692
"../../../Engine/Content/VREditor/Sounds/UI/Object_Snaps_To_Another_Actor.ubulk" 693
"../../../Engine/Content/VREditor/Sounds/UI/Object_Snaps_To_Another_Actor.uasset" 694
"../../../Engine/Content/VREditor/Sounds/UI/Object_Snaps_To_Another_Actor.uexp" 695
"../../../Engine/Content/VREditor/TransformGizmo/TranslucentTransformGizmoMaterial_Inst.uasset" 696
"../../../Engine/Content/VREditor/TransformGizmo/TranslucentTransformGizmoMaterial_Inst.uexp" 697
"../../../Engine/Content/VREditor/TransformGizmo/TransformGizmoFreeRotation.ubulk" 698
"../../../Engine/Content/VREditor/TransformGizmo/TransformGizmoFreeRotation.uasset" 699
"../../../Engine/Content/VREditor/TransformGizmo/TransformGizmoFreeRotation.uexp" 700
"../../../Engine/Content/VREditor/Sounds/UI/Scaling_Down.ubulk" 701
"../../../Engine/Content/VREditor/Sounds/UI/Scaling_Down.uasset" 702
"../../../Engine/Content/VREditor/Sounds/UI/Scaling_Down.uexp" 703
"../../../Engine/Content/Functions/Engine_MaterialFunctions02/SplitComponents.uasset" 704
"../../../Engine/Content/Functions/Engine_MaterialFunctions02/SplitComponents.uexp" 705
"../../../Engine/Content/VREditor/SnapGrid/SnapGridMaterial.uasset" 706
"../../../Engine/Content/VREditor/SnapGrid/SnapGridMaterial.uexp" 707
"../../../Engine/Content/VREditor/SnapGrid/SnapGridPlaneMesh.ubulk" 708
"../../../Engine/Content/VREditor/SnapGrid/SnapGridPlaneMesh.uasset" 709
"../../../Engine/Content/VREditor/SnapGrid/SnapGridPlaneMesh.uexp" 710
"../../../Engine/Content/VREditor/Sounds/UI/Scaling_Up.ubulk" 711
"../../../Engine/Content/VREditor/Sounds/UI/Scaling_Up.uasset" 712
"../../../Engine/Content/VREditor/Sounds/UI/Scaling_Up.uexp" 713
"../../../Engine/Content/VREditor/TransformGizmo/TransformGizmoMaterial_Inst.uasset" 714
"../../../Engine/Content/VREditor/TransformGizmo/TransformGizmoMaterial_Inst.uexp" 715
"../../../Engine/Content/VREditor/Sounds/UI/Gizmo_Handle_Clicked.ubulk" 716
"../../../Engine/Content/VREditor/Sounds/UI/Gizmo_Handle_Clicked.uasset" 717
"../../../Engine/Content/VREditor/Sounds/UI/Gizmo_Handle_Clicked.uexp" 718
"../../../Engine/Content/VREditor/TransformGizmo/RotationHandleQuarter.ubulk" 719
"../../../Engine/Content/VREditor/TransformGizmo/RotationHandleQuarter.uasset" 720
"../../../Engine/Content/VREditor/TransformGizmo/RotationHandleQuarter.uexp" 721
"../../../Engine/Content/VREditor/TransformGizmo/TranslateArrowHandle.ubulk" 722
"../../../Engine/Content/VREditor/TransformGizmo/TranslateArrowHandle.uasset" 723
"../../../Engine/Content/VREditor/TransformGizmo/TranslateArrowHandle.uexp" 724
"../../../Engine/Content/VREditor/TransformGizmo/RotationHandleIndicator.ubulk" 725
"../../../Engine/Content/VREditor/TransformGizmo/RotationHandleIndicator.uasset" 726
"../../../Engine/Content/VREditor/TransformGizmo/RotationHandleIndicator.uexp" 727
"../../../Engine/Content/VREditor/TransformGizmo/UniformScaleHandle.ubulk" 728
"../../../Engine/Content/VREditor/TransformGizmo/UniformScaleHandle.uasset" 729
"../../../Engine/Content/VREditor/TransformGizmo/UniformScaleHandle.uexp" 730
"../../../Engine/Content/VREditor/TransformGizmo/RotationHandleFull.ubulk" 731
"../../../Engine/Content/VREditor/TransformGizmo/RotationHandleFull.uasset" 732
"../../../Engine/Content/VREditor/TransformGizmo/RotationHandleFull.uexp" 733
"../../../Engine/Content/VREditor/Sounds/UI/Object_PickUp.ubulk" 734
"../../../Engine/Content/VREditor/Sounds/UI/Object_PickUp.uasset" 735
"../../../Engine/Content/VREditor/Sounds/UI/Object_PickUp.uexp" 736
"../../../Engine/Content/VREditor/TransformGizmo/BoundingBoxEdge.ubulk" 737
"../../../Engine/Content/VREditor/TransformGizmo/BoundingBoxEdge.uasset" 738
"../../../Engine/Content/VREditor/TransformGizmo/BoundingBoxEdge.uexp" 739
"../../../Engine/Content/VREditor/TransformGizmo/BoundingBoxCorner.ubulk" 740
"../../../Engine/Content/VREditor/TransformGizmo/BoundingBoxCorner.uasset" 741
"../../../Engine/Content/VREditor/TransformGizmo/BoundingBoxCorner.uexp" 742
"../../../Engine/Content/EngineSky/VolumetricClouds/T_CloudMask.ubulk" 743
"../../../Engine/Content/EngineSky/VolumetricClouds/T_CloudMask.uasset" 744
"../../../Engine/Content/EngineSky/VolumetricClouds/T_CloudMask.uexp" 745
"../../../Engine/Content/EngineSky/VolumetricClouds/VT_Lightning.uasset" 746
"../../../Engine/Content/EngineSky/VolumetricClouds/VT_Lightning.uexp" 747
"../../../Engine/Content/EngineSky/VolumetricClouds/T_Profile_08.ubulk" 748
"../../../Engine/Content/EngineSky/VolumetricClouds/T_Profile_08.uasset" 749
"../../../Engine/Content/EngineSky/VolumetricClouds/T_Profile_08.uexp" 750
"../../../Engine/Content/Functions/Engine_MaterialFunctions02/Utility/MakeFloat4.uasset" 751
"../../../Engine/Content/Functions/Engine_MaterialFunctions02/Utility/MakeFloat4.uexp" 752
"../../../Engine/Content/Functions/Engine_MaterialFunctions01/Units/Km-to-Cm.uasset" 753
"../../../Engine/Content/Functions/Engine_MaterialFunctions01/Units/Km-to-Cm.uexp" 754
"../../../Engine/Content/Functions/Engine_MaterialFunctions02/Utility/BreakOutFloat4Components.uasset" 755
"../../../Engine/Content/Functions/Engine_MaterialFunctions02/Utility/BreakOutFloat4Components.uexp" 756
"../../../Engine/Content/EngineSky/VolumetricClouds/T_CloudPattern.ubulk" 757
"../../../Engine/Content/EngineSky/VolumetricClouds/T_CloudPattern.uasset" 758
"../../../Engine/Content/EngineSky/VolumetricClouds/T_CloudPattern.uexp" 759
"../../../Engine/Content/EngineSky/VolumetricClouds/VT_PerlinWorley_Balanced.uasset" 760
"../../../Engine/Content/EngineSky/VolumetricClouds/VT_PerlinWorley_Balanced.uexp" 761
"../../../Engine/Content/EngineSky/VolumetricClouds/m_SimpleVolumetricCloud.uasset" 762
"../../../Engine/Content/EngineSky/VolumetricClouds/m_SimpleVolumetricCloud.uexp" 763
"../../../Engine/Content/EngineSky/VolumetricClouds/m_SimpleVolumetricCloud_Inst.uasset" 764
"../../../Engine/Content/EngineSky/VolumetricClouds/m_SimpleVolumetricCloud_Inst.uexp" 765
"../../../Engine/Content/EngineResources/WhiteSquareTexture.uasset" 766
"../../../Engine/Content/EngineResources/WhiteSquareTexture.uexp" 767
"../../../Engine/Content/EngineMaterials/Widget3DPassThrough.uasset" 768
"../../../Engine/Content/EngineMaterials/Widget3DPassThrough.uexp" 769
"../../../Engine/Content/EngineMaterials/Widget3DPassThrough_Translucent.uasset" 770
"../../../Engine/Content/EngineMaterials/Widget3DPassThrough_Translucent.uexp" 771
"../../../Engine/Content/EngineMaterials/Widget3DPassThrough_Translucent_OneSided.uasset" 772
"../../../Engine/Content/EngineMaterials/Widget3DPassThrough_Translucent_OneSided.uexp" 773
"../../../Engine/Content/EngineMaterials/Widget3DPassThrough_Opaque.uasset" 774
"../../../Engine/Content/EngineMaterials/Widget3DPassThrough_Opaque.uexp" 775
"../../../Engine/Content/EngineMaterials/Widget3DPassThrough_Opaque_OneSided.uasset" 776
"../../../Engine/Content/EngineMaterials/Widget3DPassThrough_Opaque_OneSided.uexp" 777
"../../../Engine/Content/EngineMaterials/Widget3DPassThrough_Masked_OneSided.uasset" 778
"../../../Engine/Content/EngineMaterials/Widget3DPassThrough_Masked_OneSided.uexp" 779
"../../../Engine/Content/EngineMaterials/Widget3DPassThrough_Masked.uasset" 780
"../../../Engine/Content/EngineMaterials/Widget3DPassThrough_Masked.uexp" 781
"../../../Engine/Content/EngineMaterials/WeightMapPlaceholderTexture.uasset" 782
"../../../Engine/Content/EngineMaterials/WeightMapPlaceholderTexture.uexp" 783
"../../../Engine/Content/EngineMaterials/WeightMapArrayPlaceholderTexture.uasset" 784
"../../../Engine/Content/EngineMaterials/WeightMapArrayPlaceholderTexture.uexp" 785
"../../../Engine/Content/EngineMaterials/RemoveSurfaceMaterial.uasset" 786
"../../../Engine/Content/EngineMaterials/RemoveSurfaceMaterial.uexp" 787
"../../../Engine/Content/EngineMaterials/DefaultCalibrationGrayscale.uasset" 788
"../../../Engine/Content/EngineMaterials/DefaultCalibrationGrayscale.uexp" 789
"../../../Engine/Content/EngineMaterials/PPM_DefaultCalibrationGrayscale.uasset" 790
"../../../Engine/Content/EngineMaterials/PPM_DefaultCalibrationGrayscale.uexp" 791
"../../../Engine/Content/EngineMaterials/DefaultCalibrationColor.uasset" 792
"../../../Engine/Content/EngineMaterials/DefaultCalibrationColor.uexp" 793
"../../../Engine/Content/EngineMaterials/PPM_DefaultCalibrationColor.uasset" 794
"../../../Engine/Content/EngineMaterials/PPM_DefaultCalibrationColor.uexp" 795
"../../../Engine/Content/EngineMaterials/PhAT_JointLimitMaterial.uasset" 796
"../../../Engine/Content/EngineMaterials/PhAT_JointLimitMaterial.uexp" 797
"../../../Engine/Content/EngineMaterials/NaniteHiddenSectionMaterial.uasset" 798
"../../../Engine/Content/EngineMaterials/NaniteHiddenSectionMaterial.uexp" 799
"../../../Engine/Content/EngineMaterials/InvalidLightmapSettings.ubulk" 800
"../../../Engine/Content/EngineMaterials/InvalidLightmapSettings.uasset" 801
"../../../Engine/Content/EngineMaterials/InvalidLightmapSettings.uexp" 802
"../../../Engine/Content/EngineMaterials/M_InvalidLightmapSettings.uasset" 803
"../../../Engine/Content/EngineMaterials/M_InvalidLightmapSettings.uexp" 804
"../../../Engine/Content/EngineMaterials/GizmoMaterial.uasset" 805
"../../../Engine/Content/EngineMaterials/GizmoMaterial.uexp" 806
"../../../Engine/Content/EngineMaterials/BaseFlattenEmissiveMap_VT.uasset" 807
"../../../Engine/Content/EngineMaterials/BaseFlattenEmissiveMap_VT.uexp" 808
"../../../Engine/Content/EngineMaterials/BaseFlattenGrayscaleMap_VT.uasset" 809
"../../../Engine/Content/EngineMaterials/BaseFlattenGrayscaleMap_VT.uexp" 810
"../../../Engine/Content/EngineMaterials/BaseFlattenLinearColor_VT.uasset" 811
"../../../Engine/Content/EngineMaterials/BaseFlattenLinearColor_VT.uexp" 812
"../../../Engine/Content/EngineMaterials/Black_1x1_EXR_Texture_VT.uasset" 813
"../../../Engine/Content/EngineMaterials/Black_1x1_EXR_Texture_VT.uexp" 814
"../../../Engine/Content/EngineMaterials/BaseFlattenDiffuseMap_VT.uasset" 815
"../../../Engine/Content/EngineMaterials/BaseFlattenDiffuseMap_VT.uexp" 816
"../../../Engine/Content/EngineMaterials/BaseFlattenNormalMap_VT.uasset" 817
"../../../Engine/Content/EngineMaterials/BaseFlattenNormalMap_VT.uexp" 818
"../../../Engine/Content/EngineMaterials/FlattenMaterial_WS_Normal_VT.uasset" 819
"../../../Engine/Content/EngineMaterials/FlattenMaterial_WS_Normal_VT.uexp" 820
"../../../Engine/Content/EngineMaterials/FlattenMaterial_VT.uasset" 821
"../../../Engine/Content/EngineMaterials/FlattenMaterial_VT.uexp" 822
"../../../Engine/Content/EngineMaterials/BaseFlattenNormalMap.uasset" 823
"../../../Engine/Content/EngineMaterials/BaseFlattenNormalMap.uexp" 824
"../../../Engine/Content/EngineMaterials/BaseFlattenGrayscaleMap.uasset" 825
"../../../Engine/Content/EngineMaterials/BaseFlattenGrayscaleMap.uexp" 826
"../../../Engine/Content/EngineMaterials/BaseFlattenDiffuseMap.uasset" 827
"../../../Engine/Content/EngineMaterials/BaseFlattenDiffuseMap.uexp" 828
"../../../Engine/Content/Functions/Engine_MaterialFunctions02/PivotPainter2/Black_1x1_EXR_Texture.uasset" 829
"../../../Engine/Content/Functions/Engine_MaterialFunctions02/PivotPainter2/Black_1x1_EXR_Texture.uexp" 830
"../../../Engine/Content/EngineMaterials/BaseFlattenEmissiveMap.uasset" 831
"../../../Engine/Content/EngineMaterials/BaseFlattenEmissiveMap.uexp" 832
"../../../Engine/Content/EngineMaterials/BaseFlattenLinearColor.uasset" 833
"../../../Engine/Content/EngineMaterials/BaseFlattenLinearColor.uexp" 834
"../../../Engine/Content/EngineMaterials/FlattenMaterial.uasset" 835
"../../../Engine/Content/EngineMaterials/FlattenMaterial.uexp" 836
"../../../Engine/Content/EngineMaterials/DefaultWhiteGrid_Low.uasset" 837
"../../../Engine/Content/EngineMaterials/DefaultWhiteGrid_Low.uexp" 838
"../../../Engine/Content/EngineMaterials/EmissiveMeshMaterial.uasset" 839
"../../../Engine/Content/EngineMaterials/EmissiveMeshMaterial.uexp" 840
"../../../Engine/Content/EngineFonts/RobotoDistanceField.uasset" 841
"../../../Engine/Content/EngineFonts/RobotoDistanceField.uexp" 842
"../../../Engine/Content/EngineMaterials/DefaultTextMaterialOpaque.uasset" 843
"../../../Engine/Content/EngineMaterials/DefaultTextMaterialOpaque.uexp" 844
"../../../Engine/Content/EngineMaterials/DefaultDiffuse.ubulk" 845
"../../../Engine/Content/EngineMaterials/DefaultDiffuse.uasset" 846
"../../../Engine/Content/EngineMaterials/DefaultDiffuse.uexp" 847
"../../../Engine/Content/EngineMaterials/DefaultPostProcessMaterial.uasset" 848
"../../../Engine/Content/EngineMaterials/DefaultPostProcessMaterial.uexp" 849
"../../../Engine/Content/EngineMaterials/DefaultLightFunctionMaterial.uasset" 850
"../../../Engine/Content/EngineMaterials/DefaultLightFunctionMaterial.uexp" 851
"../../../Engine/Content/EngineMaterials/DefaultDeferredDecalMaterial.uasset" 852
"../../../Engine/Content/EngineMaterials/DefaultDeferredDecalMaterial.uexp" 853
"../../../Engine/Content/EngineDebugMaterials/VolumeToRender.uasset" 854
"../../../Engine/Content/EngineDebugMaterials/VolumeToRender.uexp" 855
"../../../Engine/Content/EngineDebugMaterials/M_VolumeRenderSphereTracePP.uasset" 856
"../../../Engine/Content/EngineDebugMaterials/M_VolumeRenderSphereTracePP.uexp" 857
"../../../Engine/Content/EngineDebugMaterials/M_SimpleUnlitTranslucent.uasset" 858
"../../../Engine/Content/EngineDebugMaterials/M_SimpleUnlitTranslucent.uexp" 859
"../../../Engine/Content/EngineDebugMaterials/DebugMeshMaterial.uasset" 860
"../../../Engine/Content/EngineDebugMaterials/DebugMeshMaterial.uexp" 861
"../../../Engine/Content/EngineDebugMaterials/DebugEditorMaterial.uasset" 862
"../../../Engine/Content/EngineDebugMaterials/DebugEditorMaterial.uexp" 863
"../../../Engine/Content/EditorMaterials/Camera/CineMat.uasset" 864
"../../../Engine/Content/EditorMaterials/Camera/CineMat.uexp" 865
"../../../Engine/Content/EditorMaterials/Camera/MI_CineMat_Rig.uasset" 866
"../../../Engine/Content/EditorMaterials/Camera/MI_CineMat_Rig.uexp" 867
"../../../Engine/Content/EditorMeshes/Camera/SM_RailRig_Track.ubulk" 868
"../../../Engine/Content/EditorMeshes/Camera/SM_RailRig_Track.uasset" 869
"../../../Engine/Content/EditorMeshes/Camera/SM_RailRig_Track.uexp" 870
"../../../Engine/Content/EditorMeshes/Camera/SM_RailRig_Mount.ubulk" 871
"../../../Engine/Content/EditorMeshes/Camera/SM_RailRig_Mount.uasset" 872
"../../../Engine/Content/EditorMeshes/Camera/SM_RailRig_Mount.uexp" 873
"../../../Engine/Content/EditorMeshes/Camera/SM_CraneRig_Mount.ubulk" 874
"../../../Engine/Content/EditorMeshes/Camera/SM_CraneRig_Mount.uasset" 875
"../../../Engine/Content/EditorMeshes/Camera/SM_CraneRig_Mount.uexp" 876
"../../../Engine/Content/EditorMeshes/Camera/SM_CraneRig_Body.ubulk" 877
"../../../Engine/Content/EditorMeshes/Camera/SM_CraneRig_Body.uasset" 878
"../../../Engine/Content/EditorMeshes/Camera/SM_CraneRig_Body.uexp" 879
"../../../Engine/Content/EditorMeshes/Camera/SM_CraneRig_Base.ubulk" 880
"../../../Engine/Content/EditorMeshes/Camera/SM_CraneRig_Base.uasset" 881
"../../../Engine/Content/EditorMeshes/Camera/SM_CraneRig_Base.uexp" 882
"../../../Engine/Content/EditorMeshes/Camera/SM_CraneRig_Arm.ubulk" 883
"../../../Engine/Content/EditorMeshes/Camera/SM_CraneRig_Arm.uasset" 884
"../../../Engine/Content/EditorMeshes/Camera/SM_CraneRig_Arm.uexp" 885
"../../../Engine/Content/EditorMaterials/PreviewShadowIndicator.ubulk" 886
"../../../Engine/Content/EditorMaterials/PreviewShadowIndicator.uasset" 887
"../../../Engine/Content/EditorMaterials/PreviewShadowIndicator.uexp" 888
"../../../Engine/Content/EditorMaterials/PreviewShadowIndicatorMaterial.uasset" 889
"../../../Engine/Content/EditorMaterials/PreviewShadowIndicatorMaterial.uexp" 890
"../../../Engine/Content/EditorMaterials/PhAT_UnselectedMaterial.uasset" 891
"../../../Engine/Content/EditorMaterials/PhAT_UnselectedMaterial.uexp" 892
"../../../Engine/Content/EditorMaterials/PhAT_NoCollisionMaterial.uasset" 893
"../../../Engine/Content/EditorMaterials/PhAT_NoCollisionMaterial.uexp" 894
"../../../Engine/Content/EditorMaterials/Dataflow/DataflowVertexMaterial.uasset" 895
"../../../Engine/Content/EditorMaterials/Dataflow/DataflowVertexMaterial.uexp" 896
"../../../Engine/Content/EditorMaterials/Dataflow/DataflowTwoSidedVertexMaterial.uasset" 897
"../../../Engine/Content/EditorMaterials/Dataflow/DataflowTwoSidedVertexMaterial.uexp" 898
"../../../Engine/Content/EditorLandscapeResources/SplineEditorMeshMat.uasset" 899
"../../../Engine/Content/EditorLandscapeResources/SplineEditorMeshMat.uexp" 900
"../../../Engine/Content/EditorLandscapeResources/SplineEditorMesh.ubulk" 901
"../../../Engine/Content/EditorLandscapeResources/SplineEditorMesh.uasset" 902
"../../../Engine/Content/EditorLandscapeResources/SplineEditorMesh.uexp" 903
"../../../Engine/Content/BasicShapes/Plane.ubulk" 904
"../../../Engine/Content/BasicShapes/Plane.uasset" 905
"../../../Engine/Content/BasicShapes/Plane.uexp" 906
"../../../Engine/Content/EngineMaterials/DefaultMaterial.uasset" 907
"../../../Engine/Content/EngineMaterials/DefaultMaterial.uexp" 908
"../../../Engine/Content/BasicShapes/Cylinder.ubulk" 909
"../../../Engine/Content/BasicShapes/Cylinder.uasset" 910
"../../../Engine/Content/BasicShapes/Cylinder.uexp" 911
"../../../Engine/Content/BasicShapes/Cone.ubulk" 912
"../../../Engine/Content/BasicShapes/Cone.uasset" 913
"../../../Engine/Content/BasicShapes/Cone.uexp" 914
"../../../Engine/Content/Functions/Engine_MaterialFunctions01/Shading/PowerToRoughness.uasset" 915
"../../../Engine/Content/Functions/Engine_MaterialFunctions01/Shading/PowerToRoughness.uexp" 916
"../../../Engine/Content/Functions/Engine_MaterialFunctions01/Shading/ConvertFromDiffSpec.uasset" 917
"../../../Engine/Content/Functions/Engine_MaterialFunctions01/Shading/ConvertFromDiffSpec.uexp" 918
"../../../Engine/Content/EngineMaterials/Substrate/Volume/SubstrateSimpleVolumeLUT3D.uasset" 919
"../../../Engine/Content/EngineMaterials/Substrate/Volume/SubstrateSimpleVolumeLUT3D.uexp" 920
"../../../Engine/Content/EngineMaterials/Substrate/Volume/SubstrateSimpleVolumeEnvLUT3D.uasset" 921
"../../../Engine/Content/EngineMaterials/Substrate/Volume/SubstrateSimpleVolumeEnvLUT3D.uexp" 922
"../../../Engine/Content/EngineMaterials/Substrate/GLints2/AGlintTex2dArray2.uasset" 923
"../../../Engine/Content/EngineMaterials/Substrate/GLints2/AGlintTex2dArray2.uexp" 924
"../../../Engine/Content/EngineMaterials/Substrate/GLints/AGlintTex2dArray.uasset" 925
"../../../Engine/Content/EngineMaterials/Substrate/GLints/AGlintTex2dArray.uexp" 926
"../../../Engine/Content/ArtTools/RenderToTexture/Meshes/S_1_Unit_Plane.ubulk" 927
"../../../Engine/Content/ArtTools/RenderToTexture/Meshes/S_1_Unit_Plane.uasset" 928
"../../../Engine/Content/ArtTools/RenderToTexture/Meshes/S_1_Unit_Plane.uexp" 929
"../../../Engine/Plugins/NNE/NNEDenoiser/Content/NNE_oidn2-3-0_rt_hdr_calb_cnrm_large__dyn__fp16_opset11_ForwardAlpha.uasset" 930
"../../../Engine/Plugins/NNE/NNEDenoiser/Content/NNE_oidn2-3-0_rt_hdr_calb_cnrm_large__dyn__fp16_opset11_ForwardAlpha.uexp" 931
"../../../Engine/Plugins/NNE/NNEDenoiser/Content/NNE_oidn2-3-0_rt_hdr_calb_cnrm_large__dyn__fp16_opset11_DenoiseAlpha.uasset" 932
"../../../Engine/Plugins/NNE/NNEDenoiser/Content/NNE_oidn2-3-0_rt_hdr_calb_cnrm_large__dyn__fp16_opset11_DenoiseAlpha.uexp" 933
"../../../Engine/Plugins/NNE/NNEDenoiser/Content/NNE_oidn2-3-0_rt_hdr_alb_nrm__dyn__fp16_opset11_ForwardAlpha.uasset" 934
"../../../Engine/Plugins/NNE/NNEDenoiser/Content/NNE_oidn2-3-0_rt_hdr_alb_nrm__dyn__fp16_opset11_ForwardAlpha.uexp" 935
"../../../Engine/Plugins/NNE/NNEDenoiser/Content/NNE_oidn2-3-0_rt_hdr_alb_nrm__dyn__fp16_opset11_DenoiseAlpha.uasset" 936
"../../../Engine/Plugins/NNE/NNEDenoiser/Content/NNE_oidn2-3-0_rt_hdr_alb_nrm__dyn__fp16_opset11_DenoiseAlpha.uexp" 937
"../../../Engine/Plugins/NNE/NNEDenoiser/Content/NNE_oidn2-3-0_rt_hdr_alb_nrm_small__dyn__fp16_opset11_ForwardAlpha.uasset" 938
"../../../Engine/Plugins/NNE/NNEDenoiser/Content/NNE_oidn2-3-0_rt_hdr_alb_nrm_small__dyn__fp16_opset11_ForwardAlpha.uexp" 939
"../../../Engine/Plugins/NNE/NNEDenoiser/Content/NNE_oidn2-3-0_rt_hdr_alb_nrm_small__dyn__fp16_opset11_DenoiseAlpha.uasset" 940
"../../../Engine/Plugins/NNE/NNEDenoiser/Content/NNE_oidn2-3-0_rt_hdr_alb_nrm_small__dyn__fp16_opset11_DenoiseAlpha.uexp" 941
"../../../Engine/Plugins/NNE/NNEDenoiser/Content/NNED_Oidn2-3_HighQuality_Alpha.uasset" 942
"../../../Engine/Plugins/NNE/NNEDenoiser/Content/NNED_Oidn2-3_HighQuality_Alpha.uexp" 943
"../../../Engine/Plugins/NNE/NNEDenoiser/Content/NNED_Oidn2-3_HighQuality.uasset" 944
"../../../Engine/Plugins/NNE/NNEDenoiser/Content/NNED_Oidn2-3_HighQuality.uexp" 945
"../../../Engine/Plugins/NNE/NNEDenoiser/Content/NNED_Oidn2-3_Fast_Alpha.uasset" 946
"../../../Engine/Plugins/NNE/NNEDenoiser/Content/NNED_Oidn2-3_Fast_Alpha.uexp" 947
"../../../Engine/Plugins/NNE/NNEDenoiser/Content/NNED_Oidn2-3_Fast.uasset" 948
"../../../Engine/Plugins/NNE/NNEDenoiser/Content/NNED_Oidn2-3_Fast.uexp" 949
"../../../Engine/Plugins/NNE/NNEDenoiser/Content/NNED_Oidn2-3_Balanced_Alpha.uasset" 950
"../../../Engine/Plugins/NNE/NNEDenoiser/Content/NNED_Oidn2-3_Balanced_Alpha.uexp" 951
"../../../Engine/Plugins/NNE/NNEDenoiser/Content/NNED_Oidn2-3_Balanced.uasset" 952
"../../../Engine/Plugins/NNE/NNEDenoiser/Content/NNED_Oidn2-3_Balanced.uexp" 953
"../../../Engine/Plugins/NNE/NNEDenoiser/Content/NNEDT_Oidn2-3_Balanced_Alpha.uasset" 954
"../../../Engine/Plugins/NNE/NNEDenoiser/Content/NNEDT_Oidn2-3_Balanced_Alpha.uexp" 955
"../../../Engine/Plugins/NNE/NNEDenoiser/Content/NNEDT_Oidn2-3_Balanced.uasset" 956
"../../../Engine/Plugins/NNE/NNEDenoiser/Content/NNEDT_Oidn2-3_Balanced.uexp" 957
"../../../Engine/Plugins/Animation/DeformerGraph/Content/Deformers/DG_LinearBlendSkin_Morph_Cloth_RecomputeNormals.uasset" 958
"../../../Engine/Plugins/Animation/DeformerGraph/Content/Deformers/DG_LinearBlendSkin_Morph_Cloth_RecomputeNormals.uexp" 959
"../../../Engine/Plugins/Animation/DeformerGraph/Content/Deformers/DG_LinearBlendSkin_Morph_Cloth.uasset" 960
"../../../Engine/Plugins/Animation/DeformerGraph/Content/Deformers/DG_LinearBlendSkin_Morph_Cloth.uexp" 961
"../../../Engine/Plugins/Animation/DeformerGraph/Content/DeformerFunctions/DG_Function_LinearBlendSkin_Morph_Cloth_PositionOnly.uasset" 962
"../../../Engine/Plugins/Animation/DeformerGraph/Content/DeformerFunctions/DG_Function_LinearBlendSkin_Morph_Cloth_PositionOnly.uexp" 963
"../../../Engine/Plugins/Animation/DeformerGraph/Content/DeformerFunctions/DG_Function_LinearBlendSkin_Morph_Cloth.uasset" 964
"../../../Engine/Plugins/Animation/DeformerGraph/Content/DeformerFunctions/DG_Function_LinearBlendSkin_Morph_Cloth.uexp" 965
"../../../Engine/Plugins/Animation/DeformerGraph/Content/DeformerFunctions/DG_Function_ComputeNormalsTangents.uasset" 966
"../../../Engine/Plugins/Animation/DeformerGraph/Content/DeformerFunctions/DG_Function_ComputeNormalsTangents.uexp" 967
"../../../Engine/Content/EngineResources/LandscapeVisibilityLayerInfo.uasset" 968
"../../../Engine/Content/EngineResources/LandscapeVisibilityLayerInfo.uexp" 969
"D:/GameJam3/GlobalGameJamBubbles/Content/BubbleGame/Bubblegamebackground.uasset" 970
"D:/GameJam3/GlobalGameJamBubbles/Content/BubbleGame/Bubblegamebackground.uexp" 971
"D:/GameJam3/GlobalGameJamBubbles/Content/BubbleGame/Magic_Bubble.uexp" 972
"D:/GameJam3/GlobalGameJamBubbles/Content/BubbleGame/Magic_Bubble.uasset" 973
"D:/GameJam3/GlobalGameJamBubbles/Content/BubbleGame/Magic_Bubble.ufont" 974
"D:/GameJam3/GlobalGameJamBubbles/Content/BubbleGame/Magic_Bubble_Font.uasset" 975
"D:/GameJam3/GlobalGameJamBubbles/Content/BubbleGame/Magic_Bubble_Font.uexp" 976
"D:/GameJam3/GlobalGameJamBubbles/Content/BubbleGame/UI/Bubblegamemainmenu.uasset" 977
"D:/GameJam3/GlobalGameJamBubbles/Content/BubbleGame/UI/Bubblegamemainmenu.uexp" 978
"D:/GameJam3/GlobalGameJamBubbles/Content/BubbleGame/UI/MainMenu.uasset" 979
"D:/GameJam3/GlobalGameJamBubbles/Content/BubbleGame/UI/MainMenu.uexp" 980
"D:/GameJam3/GlobalGameJamBubbles/Content/BubbleGame/MainMenu.uexp" 981
"D:/GameJam3/GlobalGameJamBubbles/Content/BubbleGame/MainMenu.umap" 982
"../../../Engine/Content/BasicShapes/Cube.ubulk" 983
"../../../Engine/Content/BasicShapes/Cube.uasset" 984
"../../../Engine/Content/BasicShapes/Cube.uexp" 985
"../../../Engine/Content/EngineMaterials/BlendFunc_DefBlend.uasset" 986
"../../../Engine/Content/EngineMaterials/BlendFunc_DefBlend.uexp" 987
"../../../Engine/Content/OpenWorldTemplate/LandscapeMaterial/T_GridChecker_A.ubulk" 988
"../../../Engine/Content/OpenWorldTemplate/LandscapeMaterial/T_GridChecker_A.uasset" 989
"../../../Engine/Content/OpenWorldTemplate/LandscapeMaterial/T_GridChecker_A.uexp" 990
"../../../Engine/Content/EngineMaterials/BlendFunc_DefBase.uasset" 991
"../../../Engine/Content/EngineMaterials/BlendFunc_DefBase.uexp" 992
"../../../Engine/Content/Functions/Engine_MaterialFunctions03/Blends/Blend_Overlay.uasset" 993
"../../../Engine/Content/Functions/Engine_MaterialFunctions03/Blends/Blend_Overlay.uexp" 994
"../../../Engine/Content/Functions/Engine_MaterialFunctions01/Gradient/LinearGradient.uasset" 995
"../../../Engine/Content/Functions/Engine_MaterialFunctions01/Gradient/LinearGradient.uexp" 996
"../../../Engine/Content/Functions/Engine_MaterialFunctions01/ImageAdjustment/CheapContrast.uasset" 997
"../../../Engine/Content/Functions/Engine_MaterialFunctions01/ImageAdjustment/CheapContrast.uexp" 998
"../../../Engine/Content/OpenWorldTemplate/LandscapeMaterial/MF_ProcGrid.uasset" 999
"../../../Engine/Content/OpenWorldTemplate/LandscapeMaterial/MF_ProcGrid.uexp" 1000
"../../../Engine/Content/OpenWorldTemplate/LandscapeMaterial/M_ProcGrid.uasset" 1001
"../../../Engine/Content/OpenWorldTemplate/LandscapeMaterial/M_ProcGrid.uexp" 1002
"../../../Engine/Content/OpenWorldTemplate/LandscapeMaterial/MI_ProcGrid.uasset" 1003
"../../../Engine/Content/OpenWorldTemplate/LandscapeMaterial/MI_ProcGrid.uexp" 1004
"../../../Engine/Content/BasicShapes/Sphere.ubulk" 1005
"../../../Engine/Content/BasicShapes/Sphere.uasset" 1006
"../../../Engine/Content/BasicShapes/Sphere.uexp" 1007
"D:/GameJam3/GlobalGameJamBubbles/Content/BubbleGame/Highscoreing/SaveGameHighScore.uasset" 1008
"D:/GameJam3/GlobalGameJamBubbles/Content/BubbleGame/Highscoreing/SaveGameHighScore.uexp" 1009
"../../../Engine/Content/Functions/Engine_MaterialFunctions03/Procedurals/GeneratedBand.uasset" 1010
"../../../Engine/Content/Functions/Engine_MaterialFunctions03/Procedurals/GeneratedBand.uexp" 1011
"D:/GameJam3/GlobalGameJamBubbles/Content/BubbleGame/Player/Windlines.uasset" 1012
"D:/GameJam3/GlobalGameJamBubbles/Content/BubbleGame/Player/Windlines.uexp" 1013
"D:/GameJam3/GlobalGameJamBubbles/Content/BubbleGame/Player/Wind3.ubulk" 1014
"D:/GameJam3/GlobalGameJamBubbles/Content/BubbleGame/Player/Wind3.uasset" 1015
"D:/GameJam3/GlobalGameJamBubbles/Content/BubbleGame/Player/Wind3.uexp" 1016
"D:/GameJam3/GlobalGameJamBubbles/Content/BubbleGame/Player/PlayerShot.uasset" 1017
"D:/GameJam3/GlobalGameJamBubbles/Content/BubbleGame/Player/PlayerShot.uexp" 1018
"../../../Engine/Content/Functions/Engine_MaterialFunctions02/HueShift.uasset" 1019
"../../../Engine/Content/Functions/Engine_MaterialFunctions02/HueShift.uexp" 1020
"D:/GameJam3/GlobalGameJamBubbles/Content/BubbleGame/Bubbles/Bubblemat.uasset" 1021
"D:/GameJam3/GlobalGameJamBubbles/Content/BubbleGame/Bubbles/Bubblemat.uexp" 1022
"../../../Engine/Plugins/Interchange/Assets/Content/Functions/MF_PhongToMetalRoughness.uasset" 1023
"../../../Engine/Plugins/Interchange/Assets/Content/Functions/MF_PhongToMetalRoughness.uexp" 1024
"D:/GameJam3/GlobalGameJamBubbles/Content/BubbleGame/Player/Material_001.uasset" 1025
"D:/GameJam3/GlobalGameJamBubbles/Content/BubbleGame/Player/Material_001.uexp" 1026
"D:/GameJam3/GlobalGameJamBubbles/Content/BubbleGame/Player/PlayerTurretBase.ubulk" 1027
"D:/GameJam3/GlobalGameJamBubbles/Content/BubbleGame/Player/PlayerTurretBase.uasset" 1028
"D:/GameJam3/GlobalGameJamBubbles/Content/BubbleGame/Player/PlayerTurretBase.uexp" 1029
"D:/GameJam3/GlobalGameJamBubbles/Content/BubbleGame/Player/PlayerSound.ubulk" 1030
"D:/GameJam3/GlobalGameJamBubbles/Content/BubbleGame/Player/PlayerSound.uasset" 1031
"D:/GameJam3/GlobalGameJamBubbles/Content/BubbleGame/Player/PlayerSound.uexp" 1032
"D:/GameJam3/GlobalGameJamBubbles/Content/BubbleGame/Player/Click.uasset" 1033
"D:/GameJam3/GlobalGameJamBubbles/Content/BubbleGame/Player/Click.uexp" 1034
"D:/GameJam3/GlobalGameJamBubbles/Content/BubbleGame/Player/PlayerTurretBarrel.ubulk" 1035
"D:/GameJam3/GlobalGameJamBubbles/Content/BubbleGame/Player/PlayerTurretBarrel.uasset" 1036
"D:/GameJam3/GlobalGameJamBubbles/Content/BubbleGame/Player/PlayerTurretBarrel.uexp" 1037
"../../../Engine/Content/BasicShapes/BasicShapeMaterial.uasset" 1038
"../../../Engine/Content/BasicShapes/BasicShapeMaterial.uexp" 1039
"D:/GameJam3/GlobalGameJamBubbles/Content/BubbleGame/Player/Movement.uasset" 1040
"D:/GameJam3/GlobalGameJamBubbles/Content/BubbleGame/Player/Movement.uexp" 1041
"D:/GameJam3/GlobalGameJamBubbles/Content/BubbleGame/Player/NewInputMappingContext.uasset" 1042
"D:/GameJam3/GlobalGameJamBubbles/Content/BubbleGame/Player/NewInputMappingContext.uexp" 1043
"D:/GameJam3/GlobalGameJamBubbles/Content/BubbleGame/Player/PlayerProper.uasset" 1044
"D:/GameJam3/GlobalGameJamBubbles/Content/BubbleGame/Player/PlayerProper.uexp" 1045
"D:/GameJam3/GlobalGameJamBubbles/Content/BubbleGame/Bubbles/Bubble.uasset" 1046
"D:/GameJam3/GlobalGameJamBubbles/Content/BubbleGame/Bubbles/Bubble.uexp" 1047
"D:/GameJam3/GlobalGameJamBubbles/Content/BubbleGame/Player/Material_003.uasset" 1048
"D:/GameJam3/GlobalGameJamBubbles/Content/BubbleGame/Player/Material_003.uexp" 1049
"D:/GameJam3/GlobalGameJamBubbles/Content/BubbleGame/Player/Material_002.uasset" 1050
"D:/GameJam3/GlobalGameJamBubbles/Content/BubbleGame/Player/Material_002.uexp" 1051
"D:/GameJam3/GlobalGameJamBubbles/Content/BubbleGame/Player/Material_004.uasset" 1052
"D:/GameJam3/GlobalGameJamBubbles/Content/BubbleGame/Player/Material_004.uexp" 1053
"D:/GameJam3/GlobalGameJamBubbles/Content/BubbleGame/Player/BubbleBlower.ubulk" 1054
"D:/GameJam3/GlobalGameJamBubbles/Content/BubbleGame/Player/BubbleBlower.uasset" 1055
"D:/GameJam3/GlobalGameJamBubbles/Content/BubbleGame/Player/BubbleBlower.uexp" 1056
"D:/GameJam3/GlobalGameJamBubbles/Content/BubbleGame/Bubbles/NegativeBubble.uasset" 1057
"D:/GameJam3/GlobalGameJamBubbles/Content/BubbleGame/Bubbles/NegativeBubble.uexp" 1058
"../../../Engine/Content/EngineSky/T_Sky_Stars.ubulk" 1059
"../../../Engine/Content/EngineSky/T_Sky_Stars.uasset" 1060
"../../../Engine/Content/EngineSky/T_Sky_Stars.uexp" 1061
"../../../Engine/Content/EngineSky/T_Sky_Clouds_M.ubulk" 1062
"../../../Engine/Content/EngineSky/T_Sky_Clouds_M.uasset" 1063
"../../../Engine/Content/EngineSky/T_Sky_Clouds_M.uexp" 1064
"../../../Engine/Content/EngineSky/T_Sky_Blue.ubulk" 1065
"../../../Engine/Content/EngineSky/T_Sky_Blue.uasset" 1066
"../../../Engine/Content/EngineSky/T_Sky_Blue.uexp" 1067
"../../../Engine/Content/EngineSky/M_Sky_Panning_Clouds2.uasset" 1068
"../../../Engine/Content/EngineSky/M_Sky_Panning_Clouds2.uexp" 1069
"../../../Engine/Content/EngineSky/SM_SkySphere.ubulk" 1070
"../../../Engine/Content/EngineSky/SM_SkySphere.uasset" 1071
"../../../Engine/Content/EngineSky/SM_SkySphere.uexp" 1072
"D:/GameJam3/GlobalGameJamBubbles/Content/BubbleGame/Bubbles/BubbleSpawner.uasset" 1073
"D:/GameJam3/GlobalGameJamBubbles/Content/BubbleGame/Bubbles/BubbleSpawner.uexp" 1074
"D:/GameJam3/GlobalGameJamBubbles/Content/BubbleGame/Inviswalls.uasset" 1075
"D:/GameJam3/GlobalGameJamBubbles/Content/BubbleGame/Inviswalls.uexp" 1076
"D:/GameJam3/GlobalGameJamBubbles/Content/BubbleGame/bubble-baby-286273.ubulk" 1077
"D:/GameJam3/GlobalGameJamBubbles/Content/BubbleGame/bubble-baby-286273.uasset" 1078
"D:/GameJam3/GlobalGameJamBubbles/Content/BubbleGame/bubble-baby-286273.uexp" 1079
"../../../Engine/Content/MapTemplates/SM_Template_Map_Floor.ubulk" 1080
"../../../Engine/Content/MapTemplates/SM_Template_Map_Floor.uasset" 1081
"../../../Engine/Content/MapTemplates/SM_Template_Map_Floor.uexp" 1082
"D:/GameJam3/GlobalGameJamBubbles/Content/BubbleGame/Bubbles/Bubblepop.ubulk" 1083
"D:/GameJam3/GlobalGameJamBubbles/Content/BubbleGame/Bubbles/Bubblepop.uasset" 1084
"D:/GameJam3/GlobalGameJamBubbles/Content/BubbleGame/Bubbles/Bubblepop.uexp" 1085
"D:/GameJam3/GlobalGameJamBubbles/Content/BubbleGame/Bubbles/BubblePopper.uasset" 1086
"D:/GameJam3/GlobalGameJamBubbles/Content/BubbleGame/Bubbles/BubblePopper.uexp" 1087
"D:/GameJam3/GlobalGameJamBubbles/Content/BubbleGame/Bubblegamebackground_Mat.uasset" 1088
"D:/GameJam3/GlobalGameJamBubbles/Content/BubbleGame/Bubblegamebackground_Mat.uexp" 1089
"D:/GameJam3/GlobalGameJamBubbles/Content/BubbleGame/Player/ProjectileDestroyer.uasset" 1090
"D:/GameJam3/GlobalGameJamBubbles/Content/BubbleGame/Player/ProjectileDestroyer.uexp" 1091
"D:/GameJam3/GlobalGameJamBubbles/Content/BubbleGame/Gamemode/Mainmode.uasset" 1092
"D:/GameJam3/GlobalGameJamBubbles/Content/BubbleGame/Gamemode/Mainmode.uexp" 1093
"../../../Engine/Content/EngineSky/M_SimpleSkyDome.uasset" 1094
"../../../Engine/Content/EngineSky/M_SimpleSkyDome.uexp" 1095
"D:/GameJam3/GlobalGameJamBubbles/Content/BubbleGame/Anvil/AnvilHit.ubulk" 1096
"D:/GameJam3/GlobalGameJamBubbles/Content/BubbleGame/Anvil/AnvilHit.uasset" 1097
"D:/GameJam3/GlobalGameJamBubbles/Content/BubbleGame/Anvil/AnvilHit.uexp" 1098
"D:/GameJam3/GlobalGameJamBubbles/Content/BubbleGame/Player/Anvil.ubulk" 1099
"D:/GameJam3/GlobalGameJamBubbles/Content/BubbleGame/Player/Anvil.uasset" 1100
"D:/GameJam3/GlobalGameJamBubbles/Content/BubbleGame/Player/Anvil.uexp" 1101
"D:/GameJam3/GlobalGameJamBubbles/Content/BubbleGame/Anvil/Anvil.uasset" 1102
"D:/GameJam3/GlobalGameJamBubbles/Content/BubbleGame/Anvil/Anvil.uexp" 1103
"D:/GameJam3/GlobalGameJamBubbles/Content/BubbleGame/Anvil/AnvilSpawner.uasset" 1104
"D:/GameJam3/GlobalGameJamBubbles/Content/BubbleGame/Anvil/AnvilSpawner.uexp" 1105
"D:/GameJam3/GlobalGameJamBubbles/Content/BubbleGame/UI/UI.uasset" 1106
"D:/GameJam3/GlobalGameJamBubbles/Content/BubbleGame/UI/UI.uexp" 1107
"D:/GameJam3/GlobalGameJamBubbles/Content/BubbleGame/MainLevel.uexp" 1108
"D:/GameJam3/GlobalGameJamBubbles/Content/BubbleGame/MainLevel.umap" 1109
"D:/GameJam3/GlobalGameJamBubbles/Content/BubbleGame/UI/HowToPlay.uasset" 1110
"D:/GameJam3/GlobalGameJamBubbles/Content/BubbleGame/UI/HowToPlay.uexp" 1111
"D:/GameJam3/GlobalGameJamBubbles/Content/BubbleGame/HowToPlay.uexp" 1112
"D:/GameJam3/GlobalGameJamBubbles/Content/BubbleGame/HowToPlay.umap" 1113
"D:/GameJam3/GlobalGameJamBubbles/Content/BubbleGame/UI/Gameover.uasset" 1114
"D:/GameJam3/GlobalGameJamBubbles/Content/BubbleGame/UI/Gameover.uexp" 1115
"D:/GameJam3/GlobalGameJamBubbles/Content/BubbleGame/Gameover.uexp" 1116
"D:/GameJam3/GlobalGameJamBubbles/Content/BubbleGame/Gameover.umap" 1117
"../../../Engine/Content/Maps/Entry_BuiltData.uasset" 1118
"../../../Engine/Content/Maps/Entry_BuiltData.uexp" 1119
"../../../Engine/Content/Maps/Entry.uexp" 1120
"../../../Engine/Content/Maps/Entry.umap" 1121
